== téléchargement panier (21 symboles × 8 TF) ==
  BTCUSDT    1m   : 80399 barres
  BTCUSDT    5m   : 27457 barres
  BTCUSDT    15m  : 38427 barres
  BTCUSDT    30m  : 38413 barres
  BTCUSDT    1H   : 50326 barres
  BTCUSDT    4H   : 15256 barres
  BTCUSDT    1D   : 2528 barres
  BTCUSDT    1W   : 339 barres
  ETHUSDT    1m   : 80396 barres
  ETHUSDT    5m   : 27453 barres
  ETHUSDT    15m  : 40227 barres
  ETHUSDT    30m  : 40213 barres
  ETHUSDT    1H   : 50326 barres
  ETHUSDT    4H   : 15072 barres
  ETHUSDT    1D   : 2498 barres
  ETHUSDT    1W   : 336 barres
  SOLUSDT    1m   : 21601 barres
  SOLUSDT    5m   : 17253 barres
  SOLUSDT    15m  : 17200 barres
  SOLUSDT    30m  : 17200 barres
  SOLUSDT    1H   : 43266 barres
  SOLUSDT    4H   : 10816 barres
  SOLUSDT    1D   : 1793 barres
  SOLUSDT    1W   : 241 barres
  XRPUSDT    1m   : 21601 barres
  XRPUSDT    5m   : 17254 barres
  XRPUSDT    15m  : 17200 barres
  XRPUSDT    30m  : 17200 barres
  XRPUSDT    1H   : 50326 barres
  XRPUSDT    4H   : 14963 barres
  XRPUSDT    1D   : 2480 barres
  XRPUSDT    1W   : 333 barres
  BNBUSDT    1m   : 21601 barres
  BNBUSDT    5m   : 17200 barres
  BNBUSDT    15m  : 17200 barres
  BNBUSDT    30m  : 17200 barres
  BNBUSDT    1H   : 17600 barres
  BNBUSDT    4H   : 15262 barres
  BNBUSDT    1D   : 2529 barres
  BNBUSDT    1W   : 339 barres
  TRXUSDT    1m   : 21601 barres
  TRXUSDT    5m   : 17200 barres
  TRXUSDT    15m  : 17200 barres
  TRXUSDT    30m  : 17200 barres
  TRXUSDT    1H   : 17600 barres
  TRXUSDT    4H   : 12781 barres
  TRXUSDT    1D   : 2118 barres
  TRXUSDT    1W   : 285 barres
  ADAUSDT    1m   : 21601 barres
  ADAUSDT    5m   : 17200 barres
  ADAUSDT    15m  : 17200 barres
  ADAUSDT    30m  : 17200 barres
  ADAUSDT    1H   : 17600 barres
  ADAUSDT    4H   : 12833 barres
  ADAUSDT    1D   : 2127 barres
  ADAUSDT    1W   : 286 barres
  DOGEUSDT   1m   : 21601 barres
  DOGEUSDT   5m   : 17258 barres
  DOGEUSDT   15m  : 17200 barres
  DOGEUSDT   30m  : 17200 barres
  DOGEUSDT   1H   : 17600 barres
  DOGEUSDT   4H   : 11193 barres
  DOGEUSDT   1D   : 1855 barres
  DOGEUSDT   1W   : 249 barres
  SHIBUSDT   1m   : 21601 barres
  SHIBUSDT   5m   : 17200 barres
  SHIBUSDT   15m  : 17200 barres
  SHIBUSDT   30m  : 17200 barres
  SHIBUSDT   1H   : 17600 barres
  SHIBUSDT   4H   : 10063 barres
  SHIBUSDT   1D   : 1668 barres
  SHIBUSDT   1W   : 224 barres
  PEPEUSDT   1m   : 21601 barres
  PEPEUSDT   5m   : 17200 barres
  PEPEUSDT   15m  : 17200 barres
  PEPEUSDT   30m  : 17200 barres
  PEPEUSDT   1H   : 17601 barres
  PEPEUSDT   4H   : 6928 barres
  PEPEUSDT   1D   : 1149 barres
  PEPEUSDT   1W   : 155 barres
  LINKUSDT   1m   : 21601 barres
  LINKUSDT   5m   : 17200 barres
  LINKUSDT   15m  : 17200 barres
  LINKUSDT   30m  : 17201 barres
  LINKUSDT   1H   : 17600 barres
  LINKUSDT   4H   : 12918 barres
  LINKUSDT   1D   : 2141 barres
  LINKUSDT   1W   : 287 barres
  UNIUSDT    1m   : 21601 barres
  UNIUSDT    5m   : 17200 barres
  UNIUSDT    15m  : 17200 barres
  UNIUSDT    30m  : 17200 barres
  UNIUSDT    1H   : 17600 barres
  UNIUSDT    4H   : 12630 barres
  UNIUSDT    1D   : 2093 barres
  UNIUSDT    1W   : 281 barres
  XAUUSDT    1m   : 21601 barres
  XAUUSDT    5m   : 17200 barres
  XAUUSDT    15m  : 17200 barres
  XAUUSDT    30m  : 9916 barres
  XAUUSDT    1H   : 4958 barres
  XAUUSDT    4H   : 1240 barres
  XAUUSDT    1D   : 206 barres
  XAUUSDT    1W   : 28 barres
  XAGUSDT    1m   : 21601 barres
  XAGUSDT    5m   : 17200 barres
  XAGUSDT    15m  : 17200 barres
  XAGUSDT    30m  : 8713 barres
  XAGUSDT    1H   : 4357 barres
  XAGUSDT    4H   : 1090 barres
  XAGUSDT    1D   : 181 barres
  XAGUSDT    1W   : 25 barres
  AAPLUSDT   1m   : 21601 barres
  AAPLUSDT   5m   : 17200 barres
  AAPLUSDT   15m  : 17200 barres
  AAPLUSDT   30m  : 15114 barres
  AAPLUSDT   1H   : 7557 barres
  AAPLUSDT   4H   : 1890 barres
  AAPLUSDT   1D   : 314 barres
  AAPLUSDT   1W   : 42 barres
  TSLAUSDT   1m   : 21601 barres
  TSLAUSDT   5m   : 17201 barres
  TSLAUSDT   15m  : 17200 barres
  TSLAUSDT   30m  : 15459 barres
  TSLAUSDT   1H   : 7730 barres
  TSLAUSDT   4H   : 1933 barres
  TSLAUSDT   1D   : 321 barres
  TSLAUSDT   1W   : 43 barres
  NVDAUSDT   1m   : 21601 barres
  NVDAUSDT   5m   : 17200 barres
  NVDAUSDT   15m  : 17200 barres
  NVDAUSDT   30m  : 15459 barres
  NVDAUSDT   1H   : 7730 barres
  NVDAUSDT   4H   : 1933 barres
  NVDAUSDT   1D   : 321 barres
  NVDAUSDT   1W   : 43 barres
  SPYUSDT    1m   : 21601 barres
  SPYUSDT    5m   : 17200 barres
  SPYUSDT    15m  : 14072 barres
  SPYUSDT    30m  : 7036 barres
  SPYUSDT    1H   : 3518 barres
  SPYUSDT    4H   : 880 barres
  SPYUSDT    1D   : 147 barres
  SPYUSDT    1W   : 20 barres
  QQQUSDT    1m   : 21601 barres
  QQQUSDT    5m   : 17200 barres
  QQQUSDT    15m  : 17200 barres
  QQQUSDT    30m  : 12104 barres
  QQQUSDT    1H   : 6052 barres
  QQQUSDT    4H   : 1514 barres
  QQQUSDT    1D   : 252 barres
  QQQUSDT    1W   : 34 barres
  COINUSDT   1m   : 21601 barres
  COINUSDT   5m   : 17201 barres
  COINUSDT   15m  : 17200 barres
  COINUSDT   30m  : 15071 barres
  COINUSDT   1H   : 7536 barres
  COINUSDT   4H   : 1884 barres
  COINUSDT   1D   : 313 barres
  COINUSDT   1W   : 42 barres
  MSTRUSDT   1m   : 21601 barres
  MSTRUSDT   5m   : 17200 barres
  MSTRUSDT   15m  : 17200 barres
  MSTRUSDT   30m  : 15071 barres
  MSTRUSDT   1H   : 7536 barres
  MSTRUSDT   4H   : 1884 barres
  MSTRUSDT   1D   : 313 barres
  MSTRUSDT   1W   : 42 barres
== téléchargement terminé ==
DOWNLOAD_DONE code=0
