[2026-07-08 20:28:12] INFO: Fetched (200) <GET https://www.mql5.com/en/articles/23199> (referer: https://www.google.com/)
[2026-07-08 20:28:13] INFO: Fetched (200) <GET https://www.mql5.com/en/articles/23233> (referer: https://www.google.com/)
[2026-07-08 20:28:14] INFO: Fetched (200) <GET https://www.mql5.com/en/articles/23193> (referer: https://www.google.com/)
[2026-07-08 20:28:15] INFO: Fetched (200) <GET https://www.mql5.com/en/articles> (referer: https://www.google.com/)
[2026-07-08 20:28:16] INFO: Fetched (200) <GET https://www.mql5.com/en/articles/18116> (referer: https://www.google.com/)
[2026-07-08 20:28:17] INFO: Fetched (200) <GET https://www.mql5.com/en/articles/18041> (referer: https://www.google.com/)
[2026-07-08 20:28:19] INFO: Fetched (200) <GET https://www.mql5.com/en/articles/13748> (referer: https://www.google.com/)
[2026-07-08 20:28:20] INFO: Fetched (200) <GET https://www.mql5.com/en/articles/16075> (referer: https://www.google.com/)
[2026-07-08 20:28:21] INFO: Fetched (200) <GET https://www.mql5.com/en/articles/23217> (referer: https://www.google.com/)
[2026-07-08 20:28:22] INFO: Fetched (200) <GET https://www.mql5.com/en/articles/22616> (referer: https://www.google.com/)
[2026-07-08 20:28:23] INFO: Fetched (200) <GET https://www.mql5.com/en/articles/23093> (referer: https://www.google.com/)
[2026-07-08 20:28:24] INFO: Fetched (200) <GET https://www.mql5.com/en/articles/23067> (referer: https://www.google.com/)
[2026-07-08 20:28:25] INFO: Fetched (200) <GET https://www.mql5.com/en/articles/23226> (referer: https://www.google.com/)
[2026-07-08 20:28:26] INFO: Fetched (200) <GET https://www.mql5.com/en/articles/22746> (referer: https://www.google.com/)
[2026-07-08 20:28:27] INFO: Fetched (200) <GET https://www.mql5.com/en/articles/23159> (referer: https://www.google.com/)
[2026-07-08 20:28:28] INFO: Fetched (200) <GET https://www.mql5.com/en/articles/18916> (referer: https://www.google.com/)
[2026-07-08 20:28:29] INFO: Fetched (200) <GET https://www.mql5.com/en/articles/23198> (referer: https://www.google.com/)
[2026-07-08 20:28:30] INFO: Fetched (200) <GET https://www.mql5.com/en/articles/23158> (referer: https://www.google.com/)
[2026-07-08 20:28:31] INFO: Fetched (200) <GET https://www.mql5.com/en/articles/18004> (referer: https://www.google.com/)
[2026-07-08 20:28:32] INFO: Fetched (200) <GET https://www.mql5.com/en/articles/23175> (referer: https://www.google.com/)
[2026-07-08 20:28:33] INFO: Fetched (200) <GET https://www.mql5.com/en/articles/23171> (referer: https://www.google.com/)
[2026-07-08 20:28:34] INFO: Fetched (200) <GET https://www.mql5.com/en/articles/22968> (referer: https://www.google.com/)
[2026-07-08 20:28:35] INFO: Fetched (200) <GET https://www.mql5.com/en/articles/19177> (referer: https://www.google.com/)
[2026-07-08 20:28:36] INFO: Fetched (200) <GET https://www.mql5.com/en/articles/22927> (referer: https://www.google.com/)
[2026-07-08 20:28:37] INFO: Fetched (200) <GET https://www.mql5.com/en/articles/23202> (referer: https://www.google.com/)
[2026-07-08 20:28:39] INFO: Fetched (200) <GET https://www.mql5.com/en/articles/23169> (referer: https://www.google.com/)
[2026-07-08 20:28:40] INFO: Fetched (200) <GET https://www.mql5.com/en/articles/19093> (referer: https://www.google.com/)
[2026-07-08 20:28:41] INFO: Fetched (200) <GET https://www.mql5.com/en/articles/21732> (referer: https://www.google.com/)
[2026-07-08 20:28:42] INFO: Fetched (200) <GET https://www.mql5.com/en/articles/19043> (referer: https://www.google.com/)
[2026-07-08 20:28:43] INFO: Fetched (200) <GET https://www.mql5.com/en/articles/22537> (referer: https://www.google.com/)
[2026-07-08 20:28:44] INFO: Fetched (200) <GET https://www.mql5.com/en/articles/23149> (referer: https://www.google.com/)
[2026-07-08 20:28:45] INFO: Fetched (200) <GET https://www.mql5.com/en/articles/23168> (referer: https://www.google.com/)
[2026-07-08 20:28:46] INFO: Fetched (200) <GET https://www.mql5.com/en/articles/22940> (referer: https://www.google.com/)
[2026-07-08 20:28:47] INFO: Fetched (200) <GET https://www.mql5.com/en/articles/23141> (referer: https://www.google.com/)
[2026-07-08 20:28:48] INFO: Fetched (200) <GET https://www.mql5.com/en/articles/19047> (referer: https://www.google.com/)
[2026-07-08 20:28:49] INFO: Fetched (200) <GET https://www.mql5.com/en/articles/23100> (referer: https://www.google.com/)
[2026-07-08 20:28:50] INFO: Fetched (200) <GET https://www.mql5.com/en/articles/23096> (referer: https://www.google.com/)
[2026-07-08 20:28:51] INFO: Fetched (200) <GET https://www.mql5.com/en/articles/23077> (referer: https://www.google.com/)
[2026-07-08 20:28:52] INFO: Fetched (200) <GET https://www.mql5.com/en/articles/22615> (referer: https://www.google.com/)
[2026-07-08 20:28:53] INFO: Fetched (200) <GET https://www.mql5.com/en/articles/23156> (referer: https://www.google.com/)
[2026-07-08 20:28:54] INFO: Fetched (200) <GET https://www.mql5.com/en/articles/18918> (referer: https://www.google.com/)
[2026-07-08 20:28:55] INFO: Fetched (200) <GET https://www.mql5.com/en/articles/23144> (referer: https://www.google.com/)
[2026-07-08 20:28:56] INFO: Fetched (200) <GET https://www.mql5.com/en/articles/22472> (referer: https://www.google.com/)
[2026-07-08 20:28:57] INFO: Fetched (200) <GET https://www.mql5.com/en/articles/22969> (referer: https://www.google.com/)
[2026-07-08 20:28:59] INFO: Fetched (200) <GET https://www.mql5.com/en/articles/22955> (referer: https://www.google.com/)
[2026-07-08 20:29:00] INFO: Fetched (200) <GET https://www.mql5.com/en/articles/22912> (referer: https://www.google.com/)
[2026-07-08 20:29:01] INFO: Fetched (200) <GET https://www.mql5.com/en/articles/22614> (referer: https://www.google.com/)
[2026-07-08 20:29:02] INFO: Fetched (200) <GET https://www.mql5.com/en/articles/22990> (referer: https://www.google.com/)
[2026-07-08 20:29:03] INFO: Fetched (200) <GET https://www.mql5.com/en/articles/22756> (referer: https://www.google.com/)
[2026-07-08 20:29:04] INFO: Fetched (200) <GET https://www.mql5.com/en/articles/19012> (referer: https://www.google.com/)
[2026-07-08 20:29:05] INFO: Fetched (200) <GET https://www.mql5.com/en/articles/19013> (referer: https://www.google.com/)
[2026-07-08 20:29:06] INFO: Fetched (200) <GET https://www.mql5.com/en/articles/23130> (referer: https://www.google.com/)
[2026-07-08 20:29:07] INFO: Fetched (200) <GET https://www.mql5.com/en/articles/23127> (referer: https://www.google.com/)
[2026-07-08 20:29:08] INFO: Fetched (200) <GET https://www.mql5.com/en/articles/22754> (referer: https://www.google.com/)
[2026-07-08 20:29:09] INFO: Fetched (200) <GET https://www.mql5.com/en/articles/22950> (referer: https://www.google.com/)
[2026-07-08 20:29:10] INFO: Fetched (200) <GET https://www.mql5.com/en/articles/22977> (referer: https://www.google.com/)
[2026-07-08 20:29:11] INFO: Fetched (200) <GET https://www.mql5.com/en/articles/23106> (referer: https://www.google.com/)
[2026-07-08 20:29:12] INFO: Fetched (200) <GET https://www.mql5.com/en/articles/23079> (referer: https://www.google.com/)
[2026-07-08 20:29:13] INFO: Fetched (200) <GET https://www.mql5.com/en/articles/18958> (referer: https://www.google.com/)
[2026-07-08 20:29:14] INFO: Fetched (200) <GET https://www.mql5.com/en/articles/18890> (referer: https://www.google.com/)
[2026-07-08 20:29:15] INFO: Fetched (200) <GET https://www.mql5.com/en/articles/23112> (referer: https://www.google.com/)
[2026-07-08 20:29:16] INFO: Fetched (200) <GET https://www.mql5.com/en/articles/23009> (referer: https://www.google.com/)
[2026-07-08 20:29:17] INFO: Fetched (200) <GET https://www.mql5.com/en/articles/23065> (referer: https://www.google.com/)
[2026-07-08 20:29:19] INFO: Fetched (200) <GET https://www.mql5.com/en/articles/13117> (referer: https://www.google.com/)
[2026-07-08 20:29:20] INFO: Fetched (200) <GET https://www.mql5.com/en/articles/16050> (referer: https://www.google.com/)
[2026-07-08 20:29:21] INFO: Fetched (200) <GET https://www.mql5.com/en/articles/18935> (referer: https://www.google.com/)
[2026-07-08 20:29:22] INFO: Fetched (200) <GET https://www.mql5.com/en/articles/22939> (referer: https://www.google.com/)
[2026-07-08 20:29:23] INFO: Fetched (200) <GET https://www.mql5.com/en/articles/22662> (referer: https://www.google.com/)
[2026-07-08 20:29:24] INFO: Fetched (200) <GET https://www.mql5.com/en/articles/22521> (referer: https://www.google.com/)
[2026-07-08 20:29:25] INFO: Fetched (200) <GET https://www.mql5.com/en/articles/23015> (referer: https://www.google.com/)
[2026-07-08 20:29:26] INFO: Fetched (200) <GET https://www.mql5.com/en/articles/22875> (referer: https://www.google.com/)
[2026-07-08 20:29:27] INFO: Fetched (200) <GET https://www.mql5.com/en/articles/22978> (referer: https://www.google.com/)
[2026-07-08 20:29:28] INFO: Fetched (200) <GET https://www.mql5.com/en/articles/23016> (referer: https://www.google.com/)
[2026-07-08 20:29:29] INFO: Fetched (200) <GET https://www.mql5.com/en/articles/16035> (referer: https://www.google.com/)
[2026-07-08 20:29:30] INFO: Fetched (200) <GET https://www.mql5.com/en/articles/16021> (referer: https://www.google.com/)
[2026-07-08 20:29:31] INFO: Fetched (200) <GET https://www.mql5.com/en/articles/18785> (referer: https://www.google.com/)
[2026-07-08 20:29:32] INFO: Fetched (200) <GET https://www.mql5.com/en/articles/22718> (referer: https://www.google.com/)
[2026-07-08 20:29:33] INFO: Fetched (200) <GET https://www.mql5.com/en/articles/18363> (referer: https://www.google.com/)
[2026-07-08 20:29:34] INFO: Fetched (200) <GET https://www.mql5.com/en/articles/23055> (referer: https://www.google.com/)
[2026-07-08 20:29:35] INFO: Fetched (200) <GET https://www.mql5.com/en/articles/22681> (referer: https://www.google.com/)
[2026-07-08 20:29:36] INFO: Fetched (200) <GET https://www.mql5.com/en/articles/22341> (referer: https://www.google.com/)
[2026-07-08 20:29:37] INFO: Fetched (200) <GET https://www.mql5.com/en/articles/22962> (referer: https://www.google.com/)
[2026-07-08 20:29:38] INFO: Fetched (200) <GET https://www.mql5.com/en/articles/17939> (referer: https://www.google.com/)
[2026-07-08 20:29:40] INFO: Fetched (200) <GET https://www.mql5.com/en/articles/13110> (referer: https://www.google.com/)
[2026-07-08 20:29:41] INFO: Fetched (200) <GET https://www.mql5.com/en/articles/16000> (referer: https://www.google.com/)
[2026-07-08 20:29:42] INFO: Fetched (200) <GET https://www.mql5.com/en/articles/18886> (referer: https://www.google.com/)
[2026-07-08 20:29:43] INFO: Fetched (200) <GET https://www.mql5.com/en/articles/23037> (referer: https://www.google.com/)
[2026-07-08 20:29:44] INFO: Fetched (200) <GET https://www.mql5.com/en/articles/22923> (referer: https://www.google.com/)
[2026-07-08 20:29:45] INFO: Fetched (200) <GET https://www.mql5.com/en/articles/22993> (referer: https://www.google.com/)
[2026-07-08 20:29:46] INFO: Fetched (200) <GET https://www.mql5.com/en/articles/23033> (referer: https://www.google.com/)
[2026-07-08 20:29:47] INFO: Fetched (200) <GET https://www.mql5.com/en/articles/22668> (referer: https://www.google.com/)
[2026-07-08 20:29:48] INFO: Fetched (200) <GET https://www.mql5.com/en/articles/22734> (referer: https://www.google.com/)
[2026-07-08 20:29:49] INFO: Fetched (200) <GET https://www.mql5.com/en/articles/17901> (referer: https://www.google.com/)
[2026-07-08 20:29:50] INFO: Fetched (200) <GET https://www.mql5.com/en/articles/22884> (referer: https://www.google.com/)
[2026-07-08 20:29:51] INFO: Fetched (200) <GET https://www.mql5.com/en/articles/22883> (referer: https://www.google.com/)
[2026-07-08 20:29:52] INFO: Fetched (200) <GET https://www.mql5.com/en/articles/23013> (referer: https://www.google.com/)
[2026-07-08 20:29:53] INFO: Fetched (200) <GET https://www.mql5.com/en/articles/22958> (referer: https://www.google.com/)
[2026-07-08 20:29:54] INFO: Fetched (200) <GET https://www.mql5.com/en/articles/18857> (referer: https://www.google.com/)
[2026-07-08 20:29:55] INFO: Fetched (200) <GET https://www.mql5.com/en/articles/18875> (referer: https://www.google.com/)
[2026-07-08 20:29:56] INFO: Fetched (200) <GET https://www.mql5.com/en/articles/17819> (referer: https://www.google.com/)
[2026-07-08 20:29:57] INFO: Fetched (200) <GET https://www.mql5.com/en/articles/22921> (referer: https://www.google.com/)
[2026-07-08 20:29:59] INFO: Fetched (403) <GET https://www.mql5.com/en/articles/22807> (referer: https://www.google.com/)
[2026-07-08 20:29:59] INFO: Fetched (403) <GET https://www.mql5.com/en/articles/22695> (referer: https://www.google.com/)
[2026-07-08 20:29:59] INFO: Fetched (403) <GET https://www.mql5.com/en/articles/22856> (referer: https://www.google.com/)
[2026-07-08 20:29:59] INFO: Fetched (403) <GET https://www.mql5.com/en/articles/22947> (referer: https://www.google.com/)
[2026-07-08 20:29:59] INFO: Fetched (403) <GET https://www.mql5.com/en/articles/22938> (referer: https://www.google.com/)
[2026-07-08 20:29:59] INFO: Fetched (403) <GET https://www.mql5.com/en/articles/22907> (referer: https://www.google.com/)
[2026-07-08 20:29:59] INFO: Fetched (403) <GET https://www.mql5.com/en/articles/22937> (referer: https://www.google.com/)
[2026-07-08 20:29:59] INFO: Fetched (403) <GET https://www.mql5.com/en/articles/22936> (referer: https://www.google.com/)
[2026-07-08 20:29:59] INFO: Fetched (403) <GET https://www.mql5.com/en/articles/22613> (referer: https://www.google.com/)
[2026-07-08 20:29:59] INFO: Fetched (403) <GET https://www.mql5.com/en/articles/22930> (referer: https://www.google.com/)
[2026-07-08 20:29:59] INFO: Fetched (403) <GET https://www.mql5.com/en/articles/18755> (referer: https://www.google.com/)
[2026-07-08 20:29:59] INFO: Fetched (403) <GET https://www.mql5.com/en/articles/17796> (referer: https://www.google.com/)
[2026-07-08 20:29:59] INFO: Fetched (403) <GET https://www.mql5.com/en/articles/19682> (referer: https://www.google.com/)
[2026-07-08 20:29:59] INFO: Fetched (403) <GET https://www.mql5.com/en/articles/17739> (referer: https://www.google.com/)
[2026-07-08 20:29:59] INFO: Fetched (403) <GET https://www.mql5.com/en/articles/17956> (referer: https://www.google.com/)
[2026-07-08 20:29:59] INFO: Fetched (403) <GET https://www.mql5.com/en/articles/18759> (referer: https://www.google.com/)
[2026-07-08 20:29:59] INFO: Fetched (403) <GET https://www.mql5.com/en/articles/22901> (referer: https://www.google.com/)
[2026-07-08 20:29:59] INFO: Fetched (403) <GET https://www.mql5.com/en/articles/22691> (referer: https://www.google.com/)
[2026-07-08 20:29:59] INFO: Fetched (403) <GET https://www.mql5.com/en/articles/22902> (referer: https://www.google.com/)
[2026-07-08 20:29:59] INFO: Fetched (403) <GET https://www.mql5.com/en/articles/18681> (referer: https://www.google.com/)
[2026-07-08 20:29:59] INFO: Fetched (403) <GET https://www.mql5.com/en/articles/22855> (referer: https://www.google.com/)
[2026-07-08 20:29:59] INFO: Fetched (403) <GET https://www.mql5.com/en/articles/22874> (referer: https://www.google.com/)
[2026-07-08 20:29:59] INFO: Fetched (403) <GET https://www.mql5.com/en/articles/18603> (referer: https://www.google.com/)
[2026-07-08 20:29:59] INFO: Fetched (403) <GET https://www.mql5.com/en/articles/22652> (referer: https://www.google.com/)
[2026-07-08 20:29:59] INFO: Fetched (403) <GET https://www.mql5.com/en/articles/22563> (referer: https://www.google.com/)
sitemap : 500 articles retenus (les plus récents)
  https://www.mql5.com/en/articles/23199 : 1 lu(s), 0 nouveau(x)
  https://www.mql5.com/en/articles/23233 : 1 lu(s), 0 nouveau(x)
  https://www.mql5.com/en/articles/23193 : 1 lu(s), 0 nouveau(x)
  https://www.mql5.com/en/articles : 1 lu(s), 0 nouveau(x)
  https://www.mql5.com/en/articles/18116 : 1 lu(s), 0 nouveau(x)
  https://www.mql5.com/en/articles/18041 : 1 lu(s), 1 nouveau(x)
  https://www.mql5.com/en/articles/13748 : 1 lu(s), 1 nouveau(x)
  https://www.mql5.com/en/articles/16075 : 1 lu(s), 1 nouveau(x)
  https://www.mql5.com/en/articles/23217 : 1 lu(s), 1 nouveau(x)
  https://www.mql5.com/en/articles/22616 : 1 lu(s), 1 nouveau(x)
  https://www.mql5.com/en/articles/23093 : 1 lu(s), 1 nouveau(x)
  https://www.mql5.com/en/articles/23067 : 1 lu(s), 1 nouveau(x)
  https://www.mql5.com/en/articles/23226 : 1 lu(s), 1 nouveau(x)
  https://www.mql5.com/en/articles/22746 : 1 lu(s), 1 nouveau(x)
  https://www.mql5.com/en/articles/23159 : 1 lu(s), 1 nouveau(x)
  https://www.mql5.com/en/articles/18916 : 1 lu(s), 1 nouveau(x)
  https://www.mql5.com/en/articles/23198 : 1 lu(s), 1 nouveau(x)
  https://www.mql5.com/en/articles/23158 : 1 lu(s), 1 nouveau(x)
  https://www.mql5.com/en/articles/18004 : 1 lu(s), 1 nouveau(x)
  https://www.mql5.com/en/articles/23175 : 1 lu(s), 1 nouveau(x)
  https://www.mql5.com/en/articles/23171 : 1 lu(s), 1 nouveau(x)
  https://www.mql5.com/en/articles/22968 : 1 lu(s), 1 nouveau(x)
  https://www.mql5.com/en/articles/19177 : 1 lu(s), 1 nouveau(x)
  https://www.mql5.com/en/articles/22927 : 1 lu(s), 1 nouveau(x)
  https://www.mql5.com/en/articles/23202 : 1 lu(s), 1 nouveau(x)
  https://www.mql5.com/en/articles/23169 : 1 lu(s), 1 nouveau(x)
  https://www.mql5.com/en/articles/19093 : 1 lu(s), 1 nouveau(x)
  https://www.mql5.com/en/articles/21732 : 1 lu(s), 1 nouveau(x)
  https://www.mql5.com/en/articles/19043 : 1 lu(s), 1 nouveau(x)
  https://www.mql5.com/en/articles/22537 : 1 lu(s), 1 nouveau(x)
  https://www.mql5.com/en/articles/23149 : 1 lu(s), 1 nouveau(x)
  https://www.mql5.com/en/articles/23168 : 1 lu(s), 1 nouveau(x)
  https://www.mql5.com/en/articles/22940 : 1 lu(s), 1 nouveau(x)
  https://www.mql5.com/en/articles/23141 : 1 lu(s), 1 nouveau(x)
  https://www.mql5.com/en/articles/19047 : 1 lu(s), 1 nouveau(x)
  https://www.mql5.com/en/articles/23100 : 1 lu(s), 1 nouveau(x)
  https://www.mql5.com/en/articles/23096 : 1 lu(s), 1 nouveau(x)
  https://www.mql5.com/en/articles/23077 : 1 lu(s), 1 nouveau(x)
  https://www.mql5.com/en/articles/22615 : 1 lu(s), 1 nouveau(x)
  https://www.mql5.com/en/articles/23156 : 1 lu(s), 1 nouveau(x)
  https://www.mql5.com/en/articles/18918 : 1 lu(s), 1 nouveau(x)
  https://www.mql5.com/en/articles/23144 : 1 lu(s), 1 nouveau(x)
  https://www.mql5.com/en/articles/22472 : 1 lu(s), 1 nouveau(x)
  https://www.mql5.com/en/articles/22969 : 1 lu(s), 1 nouveau(x)
  https://www.mql5.com/en/articles/22955 : 1 lu(s), 1 nouveau(x)
  https://www.mql5.com/en/articles/22912 : 1 lu(s), 1 nouveau(x)
  https://www.mql5.com/en/articles/22614 : 1 lu(s), 1 nouveau(x)
  https://www.mql5.com/en/articles/22990 : 1 lu(s), 1 nouveau(x)
  https://www.mql5.com/en/articles/22756 : 1 lu(s), 1 nouveau(x)
  https://www.mql5.com/en/articles/19012 : 1 lu(s), 1 nouveau(x)
  https://www.mql5.com/en/articles/19013 : 1 lu(s), 1 nouveau(x)
  https://www.mql5.com/en/articles/23130 : 1 lu(s), 1 nouveau(x)
  https://www.mql5.com/en/articles/23127 : 1 lu(s), 1 nouveau(x)
  https://www.mql5.com/en/articles/22754 : 1 lu(s), 1 nouveau(x)
  https://www.mql5.com/en/articles/22950 : 1 lu(s), 1 nouveau(x)
  https://www.mql5.com/en/articles/22977 : 1 lu(s), 1 nouveau(x)
  https://www.mql5.com/en/articles/23106 : 1 lu(s), 1 nouveau(x)
  https://www.mql5.com/en/articles/23079 : 1 lu(s), 1 nouveau(x)
  https://www.mql5.com/en/articles/18958 : 1 lu(s), 1 nouveau(x)
  https://www.mql5.com/en/articles/18890 : 1 lu(s), 1 nouveau(x)
  https://www.mql5.com/en/articles/23112 : 1 lu(s), 1 nouveau(x)
  https://www.mql5.com/en/articles/23009 : 1 lu(s), 1 nouveau(x)
  https://www.mql5.com/en/articles/23065 : 1 lu(s), 1 nouveau(x)
  https://www.mql5.com/en/articles/13117 : 1 lu(s), 1 nouveau(x)
  https://www.mql5.com/en/articles/16050 : 1 lu(s), 1 nouveau(x)
  https://www.mql5.com/en/articles/18935 : 1 lu(s), 1 nouveau(x)
  https://www.mql5.com/en/articles/22939 : 1 lu(s), 1 nouveau(x)
  https://www.mql5.com/en/articles/22662 : 1 lu(s), 1 nouveau(x)
  https://www.mql5.com/en/articles/22521 : 1 lu(s), 1 nouveau(x)
  https://www.mql5.com/en/articles/23015 : 1 lu(s), 1 nouveau(x)
  https://www.mql5.com/en/articles/22875 : 1 lu(s), 1 nouveau(x)
  https://www.mql5.com/en/articles/22978 : 1 lu(s), 1 nouveau(x)
  https://www.mql5.com/en/articles/23016 : 1 lu(s), 1 nouveau(x)
  https://www.mql5.com/en/articles/16035 : 1 lu(s), 1 nouveau(x)
  https://www.mql5.com/en/articles/16021 : 1 lu(s), 1 nouveau(x)
  https://www.mql5.com/en/articles/18785 : 1 lu(s), 1 nouveau(x)
  https://www.mql5.com/en/articles/22718 : 1 lu(s), 1 nouveau(x)
  https://www.mql5.com/en/articles/18363 : 1 lu(s), 1 nouveau(x)
  https://www.mql5.com/en/articles/23055 : 1 lu(s), 1 nouveau(x)
  https://www.mql5.com/en/articles/22681 : 1 lu(s), 1 nouveau(x)
  https://www.mql5.com/en/articles/22341 : 1 lu(s), 1 nouveau(x)
  https://www.mql5.com/en/articles/22962 : 1 lu(s), 1 nouveau(x)
  https://www.mql5.com/en/articles/17939 : 1 lu(s), 1 nouveau(x)
  https://www.mql5.com/en/articles/13110 : 1 lu(s), 1 nouveau(x)
  https://www.mql5.com/en/articles/16000 : 1 lu(s), 1 nouveau(x)
  https://www.mql5.com/en/articles/18886 : 1 lu(s), 1 nouveau(x)
  https://www.mql5.com/en/articles/23037 : 1 lu(s), 1 nouveau(x)
  https://www.mql5.com/en/articles/22923 : 1 lu(s), 1 nouveau(x)
  https://www.mql5.com/en/articles/22993 : 1 lu(s), 1 nouveau(x)
  https://www.mql5.com/en/articles/23033 : 1 lu(s), 1 nouveau(x)
  https://www.mql5.com/en/articles/22668 : 1 lu(s), 1 nouveau(x)
  https://www.mql5.com/en/articles/22734 : 1 lu(s), 1 nouveau(x)
  https://www.mql5.com/en/articles/17901 : 1 lu(s), 1 nouveau(x)
  https://www.mql5.com/en/articles/22884 : 1 lu(s), 1 nouveau(x)
  https://www.mql5.com/en/articles/22883 : 1 lu(s), 1 nouveau(x)
  https://www.mql5.com/en/articles/23013 : 1 lu(s), 1 nouveau(x)
  https://www.mql5.com/en/articles/22958 : 1 lu(s), 1 nouveau(x)
  https://www.mql5.com/en/articles/18857 : 1 lu(s), 1 nouveau(x)
  https://www.mql5.com/en/articles/18875 : 1 lu(s), 1 nouveau(x)
  https://www.mql5.com/en/articles/17819 : 1 lu(s), 1 nouveau(x)
  https://www.mql5.com/en/articles/22921 : 1 lu(s), 1 nouveau(x)
  ! fetch KO (HTTP 403): https://www.mql5.com/en/articles/22807
  ! fetch KO (HTTP 403): https://www.mql5.com/en/articles/22695
  ! fetch KO (HTTP 403): https://www.mql5.com/en/articles/22856
  ! fetch KO (HTTP 403): https://www.mql5.com/en/articles/22947
  ! fetch KO (HTTP 403): https://www.mql5.com/en/articles/22938
  ! fetch KO (HTTP 403): https://www.mql5.com/en/articles/22907
  ! fetch KO (HTTP 403): https://www.mql5.com/en/articles/22937
  ! fetch KO (HTTP 403): https://www.mql5.com/en/articles/22936
  ! fetch KO (HTTP 403): https://www.mql5.com/en/articles/22613
  ! fetch KO (HTTP 403): https://www.mql5.com/en/articles/22930
  ! fetch KO (HTTP 403): https://www.mql5.com/en/articles/18755
  ! fetch KO (HTTP 403): https://www.mql5.com/en/articles/17796
  ! fetch KO (HTTP 403): https://www.mql5.com/en/articles/19682
  ! fetch KO (HTTP 403): https://www.mql5.com/en/articles/17739
  ! fetch KO (HTTP 403): https://www.mql5.com/en/articles/17956
  ! fetch KO (HTTP 403): https://www.mql5.com/en/articles/18759
  ! fetch KO (HTTP 403): https://www.mql5.com/en/articles/22901
  ! fetch KO (HTTP 403): https://www.mql5.com/en/articles/22691
  ! fetch KO (HTTP 403): https://www.mql5.com/en/articles/22902
  ! fetch KO (HTTP 403): https://www.mql5.com/en/articles/18681
  ! fetch KO (HTTP 403): https://www.mql5.com/en/articles/22855
  ! fetch KO (HTTP 403): https://www.mql5.com/en/articles/22874
  ! fetch KO (HTTP 403): https://www.mql5.com/en/articles/18603
  ! fetch KO (HTTP 403): https://www.mql5.com/en/articles/22652
  ! fetch KO (HTTP 403): https://www.mql5.com/en/articles/22563[2026-07-08 20:29:59] INFO: Fetched (403) <GET https://www.mql5.com/en/articles/22838> (referer: https://www.google.com/)
[2026-07-08 20:29:59] INFO: Fetched (403) <GET https://www.mql5.com/en/articles/22733> (referer: https://www.google.com/)
[2026-07-08 20:29:59] INFO: Fetched (403) <GET https://www.mql5.com/en/articles/22833> (referer: https://www.google.com/)
[2026-07-08 20:29:59] INFO: Fetched (403) <GET https://www.mql5.com/en/articles/17729> (referer: https://www.google.com/)
[2026-07-08 20:30:00] INFO: Fetched (403) <GET https://www.mql5.com/en/articles/22519> (referer: https://www.google.com/)
[2026-07-08 20:30:00] INFO: Fetched (403) <GET https://www.mql5.com/en/articles/22175> (referer: https://www.google.com/)
[2026-07-08 20:30:00] INFO: Fetched (403) <GET https://www.mql5.com/en/articles/18605> (referer: https://www.google.com/)
[2026-07-08 20:30:00] INFO: Fetched (403) <GET https://www.mql5.com/en/articles/17608> (referer: https://www.google.com/)
[2026-07-08 20:30:00] INFO: Fetched (403) <GET https://www.mql5.com/en/articles/22842> (referer: https://www.google.com/)
[2026-07-08 20:30:00] INFO: Fetched (200) <GET https://www.mql5.com/en/articles/22796> (referer: https://www.google.com/)
[2026-07-08 20:30:01] INFO: Fetched (403) <GET https://www.mql5.com/en/articles/22707> (referer: https://www.google.com/)
[2026-07-08 20:30:01] INFO: Fetched (403) <GET https://www.mql5.com/en/articles/17675> (referer: https://www.google.com/)
[2026-07-08 20:30:01] INFO: Fetched (403) <GET https://www.mql5.com/en/articles/13062> (referer: https://www.google.com/)
[2026-07-08 20:30:01] INFO: Fetched (403) <GET https://www.mql5.com/en/articles/18111> (referer: https://www.google.com/)
[2026-07-08 20:30:01] INFO: Fetched (403) <GET https://www.mql5.com/en/articles/22666> (referer: https://www.google.com/)
[2026-07-08 20:30:01] INFO: Fetched (403) <GET https://www.mql5.com/en/articles/22638> (referer: https://www.google.com/)
[2026-07-08 20:30:01] INFO: Fetched (403) <GET https://www.mql5.com/en/articles/15987> (referer: https://www.google.com/)
[2026-07-08 20:30:01] INFO: Fetched (403) <GET https://www.mql5.com/en/articles/13059> (referer: https://www.google.com/)
[2026-07-08 20:30:01] INFO: Fetched (403) <GET https://www.mql5.com/en/articles/18661> (referer: https://www.google.com/)
[2026-07-08 20:30:01] INFO: Fetched (403) <GET https://www.mql5.com/en/articles/15995> (referer: https://www.google.com/)
[2026-07-08 20:30:02] INFO: Fetched (403) <GET https://www.mql5.com/en/articles/12987> (referer: https://www.google.com/)
[2026-07-08 20:30:02] INFO: Fetched (403) <GET https://www.mql5.com/en/articles/22783> (referer: https://www.google.com/)
[2026-07-08 20:30:02] INFO: Fetched (403) <GET https://www.mql5.com/en/articles/22786> (referer: https://www.google.com/)
[2026-07-08 20:30:02] INFO: Fetched (403) <GET https://www.mql5.com/en/articles/21954> (referer: https://www.google.com/)
[2026-07-08 20:30:02] INFO: Fetched (403) <GET https://www.mql5.com/en/articles/22628> (referer: https://www.google.com/)
[2026-07-08 20:30:02] INFO: Fetched (403) <GET https://www.mql5.com/en/articles/18672> (referer: https://www.google.com/)
[2026-07-08 20:30:02] INFO: Fetched (403) <GET https://www.mql5.com/en/articles/18568> (referer: https://www.google.com/)
[2026-07-08 20:30:02] INFO: Fetched (403) <GET https://www.mql5.com/en/articles/12986> (referer: https://www.google.com/)
[2026-07-08 20:30:02] INFO: Fetched (403) <GET https://www.mql5.com/en/articles/15975> (referer: https://www.google.com/)
[2026-07-08 20:30:02] INFO: Fetched (403) <GET https://www.mql5.com/en/articles/18592> (referer: https://www.google.com/)
[2026-07-08 20:30:02] INFO: Fetched (403) <GET https://www.mql5.com/en/articles/18495> (referer: https://www.google.com/)
[2026-07-08 20:30:02] INFO: Fetched (403) <GET https://www.mql5.com/en/articles/12985> (referer: https://www.google.com/)
[2026-07-08 20:30:02] INFO: Fetched (403) <GET https://www.mql5.com/en/articles/15932> (referer: https://www.google.com/)
[2026-07-08 20:30:02] INFO: Fetched (403) <GET https://www.mql5.com/en/articles/22742> (referer: https://www.google.com/)
[2026-07-08 20:30:02] INFO: Fetched (403) <GET https://www.mql5.com/en/articles/22772> (referer: https://www.google.com/)
[2026-07-08 20:30:02] INFO: Fetched (403) <GET https://www.mql5.com/en/articles/19154> (referer: https://www.google.com/)
[2026-07-08 20:30:02] INFO: Fetched (403) <GET https://www.mql5.com/en/articles/22684> (referer: https://www.google.com/)
[2026-07-08 20:30:02] INFO: Fetched (403) <GET https://www.mql5.com/en/articles/22775> (referer: https://www.google.com/)
[2026-07-08 20:30:03] INFO: Fetched (403) <GET https://www.mql5.com/en/articles/21398> (referer: https://www.google.com/)
[2026-07-08 20:30:03] INFO: Fetched (403) <GET https://www.mql5.com/en/articles/17566> (referer: https://www.google.com/)
[2026-07-08 20:30:03] INFO: Fetched (403) <GET https://www.mql5.com/en/articles/22709> (referer: https://www.google.com/)
[2026-07-08 20:30:03] INFO: Fetched (403) <GET https://www.mql5.com/en/articles/21299> (referer: https://www.google.com/)
[2026-07-08 20:30:03] INFO: Fetched (403) <GET https://www.mql5.com/en/articles/22714> (referer: https://www.google.com/)
[2026-07-08 20:30:03] INFO: Fetched (403) <GET https://www.mql5.com/en/articles/22303> (referer: https://www.google.com/)
[2026-07-08 20:30:03] INFO: Fetched (403) <GET https://www.mql5.com/en/articles/22213> (referer: https://www.google.com/)
[2026-07-08 20:30:03] INFO: Fetched (403) <GET https://www.mql5.com/en/articles/18553> (referer: https://www.google.com/)
[2026-07-08 20:30:03] INFO: Fetched (403) <GET https://www.mql5.com/en/articles/22277> (referer: https://www.google.com/)
[2026-07-08 20:30:03] INFO: Fetched (403) <GET https://www.mql5.com/en/articles/18566> (referer: https://www.google.com/)
[2026-07-08 20:30:03] INFO: Fetched (403) <GET https://www.mql5.com/en/articles/22532> (referer: https://www.google.com/)
[2026-07-08 20:30:03] INFO: Fetched (403) <GET https://www.mql5.com/en/articles/22610> (referer: https://www.google.com/)
[2026-07-08 20:30:03] INFO: Fetched (403) <GET https://www.mql5.com/en/articles/22274> (referer: https://www.google.com/)
[2026-07-08 20:30:03] INFO: Fetched (403) <GET https://www.mql5.com/en/articles/18227> (referer: https://www.google.com/)
[2026-07-08 20:30:03] INFO: Fetched (403) <GET https://www.mql5.com/en/articles/22140> (referer: https://www.google.com/)
[2026-07-08 20:30:03] INFO: Fetched (403) <GET https://www.mql5.com/en/articles/22526> (referer: https://www.google.com/)
[2026-07-08 20:30:03] INFO: Fetched (403) <GET https://www.mql5.com/en/articles/22580> (referer: https://www.google.com/)
[2026-07-08 20:30:03] INFO: Fetched (403) <GET https://www.mql5.com/en/articles/22249> (referer: https://www.google.com/)
[2026-07-08 20:30:03] INFO: Fetched (403) <GET https://www.mql5.com/en/articles/22540> (referer: https://www.google.com/)
[2026-07-08 20:30:03] INFO: Fetched (403) <GET https://www.mql5.com/en/articles/22572> (referer: https://www.google.com/)
[2026-07-08 20:30:03] INFO: Fetched (403) <GET https://www.mql5.com/en/articles/22598> (referer: https://www.google.com/)
[2026-07-08 20:30:03] INFO: Fetched (403) <GET https://www.mql5.com/en/articles/18453> (referer: https://www.google.com/)
[2026-07-08 20:30:04] INFO: Fetched (403) <GET https://www.mql5.com/en/articles/22608> (referer: https://www.google.com/)
[2026-07-08 20:30:04] INFO: Fetched (403) <GET https://www.mql5.com/en/articles/22607> (referer: https://www.google.com/)
[2026-07-08 20:30:04] INFO: Fetched (403) <GET https://www.mql5.com/en/articles/22699> (referer: https://www.google.com/)
[2026-07-08 20:30:04] INFO: Fetched (403) <GET https://www.mql5.com/en/articles/22609> (referer: https://www.google.com/)
[2026-07-08 20:30:04] INFO: Fetched (403) <GET https://www.mql5.com/en/articles/22388> (referer: https://www.google.com/)
[2026-07-08 20:30:04] INFO: Fetched (403) <GET https://www.mql5.com/en/articles/22597> (referer: https://www.google.com/)
[2026-07-08 20:30:04] INFO: Fetched (403) <GET https://www.mql5.com/en/articles/22517> (referer: https://www.google.com/)
[2026-07-08 20:30:04] INFO: Fetched (403) <GET https://www.mql5.com/en/articles/22393> (referer: https://www.google.com/)
[2026-07-08 20:30:04] INFO: Fetched (403) <GET https://www.mql5.com/en/articles/22560> (referer: https://www.google.com/)
[2026-07-08 20:30:04] INFO: Fetched (403) <GET https://www.mql5.com/en/articles/22553> (referer: https://www.google.com/)
[2026-07-08 20:30:04] INFO: Fetched (403) <GET https://www.mql5.com/en/articles/22449> (referer: https://www.google.com/)
[2026-07-08 20:30:04] INFO: Fetched (403) <GET https://www.mql5.com/en/articles/15622> (referer: https://www.google.com/)
[2026-07-08 20:30:04] INFO: Fetched (403) <GET https://www.mql5.com/en/articles/22578> (referer: https://www.google.com/)
[2026-07-08 20:30:04] INFO: Fetched (403) <GET https://www.mql5.com/en/articles/22391> (referer: https://www.google.com/)
[2026-07-08 20:30:04] INFO: Fetched (403) <GET https://www.mql5.com/en/articles/22233> (referer: https://www.google.com/)
[2026-07-08 20:30:04] INFO: Fetched (403) <GET https://www.mql5.com/en/articles/22059> (referer: https://www.google.com/)
[2026-07-08 20:30:04] INFO: Fetched (403) <GET https://www.mql5.com/en/articles/22476> (referer: https://www.google.com/)
[2026-07-08 20:30:04] INFO: Fetched (403) <GET https://www.mql5.com/en/articles/22503> (referer: https://www.google.com/)
[2026-07-08 20:30:04] INFO: Fetched (403) <GET https://www.mql5.com/en/articles/22040> (referer: https://www.google.com/)
[2026-07-08 20:30:04] INFO: Fetched (403) <GET https://www.mql5.com/en/articles/22558> (referer: https://www.google.com/)
[2026-07-08 20:30:04] INFO: Fetched (403) <GET https://www.mql5.com/en/articles/18460> (referer: https://www.google.com/)
[2026-07-08 20:30:04] INFO: Fetched (403) <GET https://www.mql5.com/en/articles/22395> (referer: https://www.google.com/)
[2026-07-08 20:30:04] INFO: Fetched (403) <GET https://www.mql5.com/en/articles/22484> (referer: https://www.google.com/)
[2026-07-08 20:30:04] INFO: Fetched (403) <GET https://www.mql5.com/en/articles/18455> (referer: https://www.google.com/)
[2026-07-08 20:30:04] INFO: Fetched (403) <GET https://www.mql5.com/en/articles/21720> (referer: https://www.google.com/)
[2026-07-08 20:30:04] INFO: Fetched (403) <GET https://www.mql5.com/en/articles/22527> (referer: https://www.google.com/)
[2026-07-08 20:30:05] INFO: Fetched (403) <GET https://www.mql5.com/en/articles/22500> (referer: https://www.google.com/)
[2026-07-08 20:30:05] INFO: Fetched (403) <GET https://www.mql5.com/en/articles/22220> (referer: https://www.google.com/)
[2026-07-08 20:30:05] INFO: Fetched (403) <GET https://www.mql5.com/en/articles/22499> (referer: https://www.google.com/)
[2026-07-08 20:30:05] INFO: Fetched (403) <GET https://www.mql5.com/en/articles/22495> (referer: https://www.google.com/)
[2026-07-08 20:30:05] INFO: Fetched (403) <GET https://www.mql5.com/en/articles/22438> (referer: https://www.google.com/)
[2026-07-08 20:30:05] INFO: Fetched (403) <GET https://www.mql5.com/en/articles/22187> (referer: https://www.google.com/)
[2026-07-08 20:30:05] INFO: Fetched (403) <GET https://www.mql5.com/en/articles/18451> (referer: https://www.google.com/)
[2026-07-08 20:30:05] INFO: Fetched (403) <GET https://www.mql5.com/en/articles/22214> (referer: https://www.google.com/)
[2026-07-08 20:30:05] INFO: Fetched (403) <GET https://www.mql5.com/en/articles/22420> (referer: https://www.google.com/)
[2026-07-08 20:30:05] INFO: Fetched (403) <GET https://www.mql5.com/en/articles/22373> (referer: https://www.google.com/)
[2026-07-08 20:30:05] INFO: Fetched (403) <GET https://www.mql5.com/en/articles/22256> (referer: https://www.google.com/)
[2026-07-08 20:30:05] INFO: Fetched (403) <GET https://www.mql5.com/en/articles/18354> (referer: https://www.google.com/)
[2026-07-08 20:30:05] INFO: Fetched (403) <GET https://www.mql5.com/en/articles/22363> (referer: https://www.google.com/)
[2026-07-08 20:30:05] INFO: Fetched (403) <GET https://www.mql5.com/en/articles/22474> (referer: https://www.google.com/)
[2026-07-08 20:30:05] INFO: Fetched (403) <GET https://www.mql5.com/en/articles/18427> (referer: https://www.google.com/)
[2026-07-08 20:30:05] INFO: Fetched (403) <GET https://www.mql5.com/en/articles/22516> (referer: https://www.google.com/)
[2026-07-08 20:30:05] INFO: Fetched (403) <GET https://www.mql5.com/en/articles/22323> (referer: https://www.google.com/)
[2026-07-08 20:30:05] INFO: Fetched (403) <GET https://www.mql5.com/en/articles/22469> (referer: https://www.google.com/)
[2026-07-08 20:30:05] INFO: Fetched (403) <GET https://www.mql5.com/en/articles/18324> (referer: https://www.google.com/)
[2026-07-08 20:30:05] INFO: Fetched (403) <GET https://www.mql5.com/en/articles/22419> (referer: https://www.google.com/)
[2026-07-08 20:30:05] INFO: Fetched (403) <GET https://www.mql5.com/en/articles/22460> (referer: https://www.google.com/)
[2026-07-08 20:30:05] INFO: Fetched (403) <GET https://www.mql5.com/en/articles/21837> (referer: https://www.google.com/)
[2026-07-08 20:30:05] INFO: Fetched (403) <GET https://www.mql5.com/en/articles/22275> (referer: https://www.google.com/)
[2026-07-08 20:30:05] INFO: Fetched (403) <GET https://www.mql5.com/en/articles/22383> (referer: https://www.google.com/)
[2026-07-08 20:30:05] INFO: Fetched (403) <GET https://www.mql5.com/en/articles/22196> (referer: https://www.google.com/)
[2026-07-08 20:30:06] INFO: Fetched (403) <GET https://www.mql5.com/en/articles/22372> (referer: https://www.google.com/)
[2026-07-08 20:30:06] INFO: Fetched (403) <GET https://www.mql5.com/en/articles/22193> (referer: https://www.google.com/)
[2026-07-08 20:30:06] INFO: Fetched (403) <GET https://www.mql5.com/en/articles/22263> (referer: https://www.google.com/)
[2026-07-08 20:30:06] INFO: Fetched (403) <GET https://www.mql5.com/en/articles/22290> (referer: https://www.google.com/)
[2026-07-08 20:30:06] INFO: Fetched (403) <GET https://www.mql5.com/en/articles/22063> (referer: https://www.google.com/)
[2026-07-08 20:30:06] INFO: Fetched (403) <GET https://www.mql5.com/en/articles/22190> (referer: https://www.google.com/)
[2026-07-08 20:30:06] INFO: Fetched (403) <GET https://www.mql5.com/en/articles/21995> (referer: https://www.google.com/)
[2026-07-08 20:30:06] INFO: Fetched (403) <GET https://www.mql5.com/en/articles/22264> (referer: https://www.google.com/)
[2026-07-08 20:30:06] INFO: Fetched (403) <GET https://www.mql5.com/en/articles/22224> (referer: https://www.google.com/)
[2026-07-08 20:30:06] INFO: Fetched (403) <GET https://www.mql5.com/en/articles/22184> (referer: https://www.google.com/)
[2026-07-08 20:30:06] INFO: Fetched (403) <GET https://www.mql5.com/en/articles/22389> (referer: https://www.google.com/)
[2026-07-08 20:30:06] INFO: Fetched (403) <GET https://www.mql5.com/en/articles/22110> (referer: https://www.google.com/)
[2026-07-08 20:30:06] INFO: Fetched (403) <GET https://www.mql5.com/en/articles/22015> (referer: https://www.google.com/)
[2026-07-08 20:30:06] INFO: Fetched (403) <GET https://www.mql5.com/en/articles/22242> (referer: https://www.google.com/)
[2026-07-08 20:30:06] INFO: Fetched (403) <GET https://www.mql5.com/en/articles/22009> (referer: https://www.google.com/)
[2026-07-08 20:30:06] INFO: Fetched (403) <GET https://www.mql5.com/en/articles/22020> (referer: https://www.google.com/)
[2026-07-08 20:30:06] INFO: Fetched (403) <GET https://www.mql5.com/en/articles/22291> (referer: https://www.google.com/)

  ! fetch KO (HTTP 403): https://www.mql5.com/en/articles/22838
  ! fetch KO (HTTP 403): https://www.mql5.com/en/articles/22733
  ! fetch KO (HTTP 403): https://www.mql5.com/en/articles/22833
  ! fetch KO (HTTP 403): https://www.mql5.com/en/articles/17729
  ! fetch KO (HTTP 403): https://www.mql5.com/en/articles/22519
  ! fetch KO (HTTP 403): https://www.mql5.com/en/articles/22175
  ! fetch KO (HTTP 403): https://www.mql5.com/en/articles/18605
  ! fetch KO (HTTP 403): https://www.mql5.com/en/articles/17608
  ! fetch KO (HTTP 403): https://www.mql5.com/en/articles/22842
  https://www.mql5.com/en/articles/22796 : 1 lu(s), 1 nouveau(x)
  ! fetch KO (HTTP 403): https://www.mql5.com/en/articles/22707
  ! fetch KO (HTTP 403): https://www.mql5.com/en/articles/17675
  ! fetch KO (HTTP 403): https://www.mql5.com/en/articles/13062
  ! fetch KO (HTTP 403): https://www.mql5.com/en/articles/18111
  ! fetch KO (HTTP 403): https://www.mql5.com/en/articles/22666
  ! fetch KO (HTTP 403): https://www.mql5.com/en/articles/22638
  ! fetch KO (HTTP 403): https://www.mql5.com/en/articles/15987
  ! fetch KO (HTTP 403): https://www.mql5.com/en/articles/13059
  ! fetch KO (HTTP 403): https://www.mql5.com/en/articles/18661
  ! fetch KO (HTTP 403): https://www.mql5.com/en/articles/15995
  ! fetch KO (HTTP 403): https://www.mql5.com/en/articles/12987
  ! fetch KO (HTTP 403): https://www.mql5.com/en/articles/22783
  ! fetch KO (HTTP 403): https://www.mql5.com/en/articles/22786
  ! fetch KO (HTTP 403): https://www.mql5.com/en/articles/21954
  ! fetch KO (HTTP 403): https://www.mql5.com/en/articles/22628
  ! fetch KO (HTTP 403): https://www.mql5.com/en/articles/18672
  ! fetch KO (HTTP 403): https://www.mql5.com/en/articles/18568
  ! fetch KO (HTTP 403): https://www.mql5.com/en/articles/12986
  ! fetch KO (HTTP 403): https://www.mql5.com/en/articles/15975
  ! fetch KO (HTTP 403): https://www.mql5.com/en/articles/18592
  ! fetch KO (HTTP 403): https://www.mql5.com/en/articles/18495
  ! fetch KO (HTTP 403): https://www.mql5.com/en/articles/12985
  ! fetch KO (HTTP 403): https://www.mql5.com/en/articles/15932
  ! fetch KO (HTTP 403): https://www.mql5.com/en/articles/22742
  ! fetch KO (HTTP 403): https://www.mql5.com/en/articles/22772
  ! fetch KO (HTTP 403): https://www.mql5.com/en/articles/19154
  ! fetch KO (HTTP 403): https://www.mql5.com/en/articles/22684
  ! fetch KO (HTTP 403): https://www.mql5.com/en/articles/22775
  ! fetch KO (HTTP 403): https://www.mql5.com/en/articles/21398
  ! fetch KO (HTTP 403): https://www.mql5.com/en/articles/17566
  ! fetch KO (HTTP 403): https://www.mql5.com/en/articles/22709
  ! fetch KO (HTTP 403): https://www.mql5.com/en/articles/21299
  ! fetch KO (HTTP 403): https://www.mql5.com/en/articles/22714
  ! fetch KO (HTTP 403): https://www.mql5.com/en/articles/22303
  ! fetch KO (HTTP 403): https://www.mql5.com/en/articles/22213
  ! fetch KO (HTTP 403): https://www.mql5.com/en/articles/18553
  ! fetch KO (HTTP 403): https://www.mql5.com/en/articles/22277
  ! fetch KO (HTTP 403): https://www.mql5.com/en/articles/18566
  ! fetch KO (HTTP 403): https://www.mql5.com/en/articles/22532
  ! fetch KO (HTTP 403): https://www.mql5.com/en/articles/22610
  ! fetch KO (HTTP 403): https://www.mql5.com/en/articles/22274
  ! fetch KO (HTTP 403): https://www.mql5.com/en/articles/18227
  ! fetch KO (HTTP 403): https://www.mql5.com/en/articles/22140
  ! fetch KO (HTTP 403): https://www.mql5.com/en/articles/22526
  ! fetch KO (HTTP 403): https://www.mql5.com/en/articles/22580
  ! fetch KO (HTTP 403): https://www.mql5.com/en/articles/22249
  ! fetch KO (HTTP 403): https://www.mql5.com/en/articles/22540
  ! fetch KO (HTTP 403): https://www.mql5.com/en/articles/22572
  ! fetch KO (HTTP 403): https://www.mql5.com/en/articles/22598
  ! fetch KO (HTTP 403): https://www.mql5.com/en/articles/18453
  ! fetch KO (HTTP 403): https://www.mql5.com/en/articles/22608
  ! fetch KO (HTTP 403): https://www.mql5.com/en/articles/22607
  ! fetch KO (HTTP 403): https://www.mql5.com/en/articles/22699
  ! fetch KO (HTTP 403): https://www.mql5.com/en/articles/22609
  ! fetch KO (HTTP 403): https://www.mql5.com/en/articles/22388
  ! fetch KO (HTTP 403): https://www.mql5.com/en/articles/22597
  ! fetch KO (HTTP 403): https://www.mql5.com/en/articles/22517
  ! fetch KO (HTTP 403): https://www.mql5.com/en/articles/22393
  ! fetch KO (HTTP 403): https://www.mql5.com/en/articles/22560
  ! fetch KO (HTTP 403): https://www.mql5.com/en/articles/22553
  ! fetch KO (HTTP 403): https://www.mql5.com/en/articles/22449
  ! fetch KO (HTTP 403): https://www.mql5.com/en/articles/15622
  ! fetch KO (HTTP 403): https://www.mql5.com/en/articles/22578
  ! fetch KO (HTTP 403): https://www.mql5.com/en/articles/22391
  ! fetch KO (HTTP 403): https://www.mql5.com/en/articles/22233
  ! fetch KO (HTTP 403): https://www.mql5.com/en/articles/22059
  ! fetch KO (HTTP 403): https://www.mql5.com/en/articles/22476
  ! fetch KO (HTTP 403): https://www.mql5.com/en/articles/22503
  ! fetch KO (HTTP 403): https://www.mql5.com/en/articles/22040
  ! fetch KO (HTTP 403): https://www.mql5.com/en/articles/22558
  ! fetch KO (HTTP 403): https://www.mql5.com/en/articles/18460
  ! fetch KO (HTTP 403): https://www.mql5.com/en/articles/22395
  ! fetch KO (HTTP 403): https://www.mql5.com/en/articles/22484
  ! fetch KO (HTTP 403): https://www.mql5.com/en/articles/18455
  ! fetch KO (HTTP 403): https://www.mql5.com/en/articles/21720
  ! fetch KO (HTTP 403): https://www.mql5.com/en/articles/22527
  ! fetch KO (HTTP 403): https://www.mql5.com/en/articles/22500
  ! fetch KO (HTTP 403): https://www.mql5.com/en/articles/22220
  ! fetch KO (HTTP 403): https://www.mql5.com/en/articles/22499
  ! fetch KO (HTTP 403): https://www.mql5.com/en/articles/22495
  ! fetch KO (HTTP 403): https://www.mql5.com/en/articles/22438
  ! fetch KO (HTTP 403): https://www.mql5.com/en/articles/22187
  ! fetch KO (HTTP 403): https://www.mql5.com/en/articles/18451
  ! fetch KO (HTTP 403): https://www.mql5.com/en/articles/22214
  ! fetch KO (HTTP 403): https://www.mql5.com/en/articles/22420
  ! fetch KO (HTTP 403): https://www.mql5.com/en/articles/22373
  ! fetch KO (HTTP 403): https://www.mql5.com/en/articles/22256
  ! fetch KO (HTTP 403): https://www.mql5.com/en/articles/18354
  ! fetch KO (HTTP 403): https://www.mql5.com/en/articles/22363
  ! fetch KO (HTTP 403): https://www.mql5.com/en/articles/22474
  ! fetch KO (HTTP 403): https://www.mql5.com/en/articles/18427
  ! fetch KO (HTTP 403): https://www.mql5.com/en/articles/22516
  ! fetch KO (HTTP 403): https://www.mql5.com/en/articles/22323
  ! fetch KO (HTTP 403): https://www.mql5.com/en/articles/22469
  ! fetch KO (HTTP 403): https://www.mql5.com/en/articles/18324
  ! fetch KO (HTTP 403): https://www.mql5.com/en/articles/22419
  ! fetch KO (HTTP 403): https://www.mql5.com/en/articles/22460
  ! fetch KO (HTTP 403): https://www.mql5.com/en/articles/21837
  ! fetch KO (HTTP 403): https://www.mql5.com/en/articles/22275
  ! fetch KO (HTTP 403): https://www.mql5.com/en/articles/22383
  ! fetch KO (HTTP 403): https://www.mql5.com/en/articles/22196
  ! fetch KO (HTTP 403): https://www.mql5.com/en/articles/22372
  ! fetch KO (HTTP 403): https://www.mql5.com/en/articles/22193
  ! fetch KO (HTTP 403): https://www.mql5.com/en/articles/22263
  ! fetch KO (HTTP 403): https://www.mql5.com/en/articles/22290
  ! fetch KO (HTTP 403): https://www.mql5.com/en/articles/22063
  ! fetch KO (HTTP 403): https://www.mql5.com/en/articles/22190
  ! fetch KO (HTTP 403): https://www.mql5.com/en/articles/21995
  ! fetch KO (HTTP 403): https://www.mql5.com/en/articles/22264
  ! fetch KO (HTTP 403): https://www.mql5.com/en/articles/22224
  ! fetch KO (HTTP 403): https://www.mql5.com/en/articles/22184
  ! fetch KO (HTTP 403): https://www.mql5.com/en/articles/22389
  ! fetch KO (HTTP 403): https://www.mql5.com/en/articles/22110
  ! fetch KO (HTTP 403): https://www.mql5.com/en/articles/22015
  ! fetch KO (HTTP 403): https://www.mql5.com/en/articles/22242
  ! fetch KO (HTTP 403): https://www.mql5.com/en/articles/22009
  ! fetch KO (HTTP 403): https://www.mql5.com/en/articles/22020
  ! fetch KO (HTTP 403): https://www.mql5.com/en/articles/22291[2026-07-08 20:30:06] INFO: Fetched (403) <GET https://www.mql5.com/en/articles/18303> (referer: https://www.google.com/)
[2026-07-08 20:30:06] INFO: Fetched (403) <GET https://www.mql5.com/en/articles/22288> (referer: https://www.google.com/)
[2026-07-08 20:30:06] INFO: Fetched (403) <GET https://www.mql5.com/en/articles/22342> (referer: https://www.google.com/)
[2026-07-08 20:30:06] INFO: Fetched (403) <GET https://www.mql5.com/en/articles/18355> (referer: https://www.google.com/)
[2026-07-08 20:30:06] INFO: Fetched (403) <GET https://www.mql5.com/en/articles/22338> (referer: https://www.google.com/)
[2026-07-08 20:30:06] INFO: Fetched (403) <GET https://www.mql5.com/en/articles/17883> (referer: https://www.google.com/)
[2026-07-08 20:30:06] INFO: Fetched (403) <GET https://www.mql5.com/en/articles/21961> (referer: https://www.google.com/)
[2026-07-08 20:30:06] INFO: Fetched (403) <GET https://www.mql5.com/en/articles/22258> (referer: https://www.google.com/)
[2026-07-08 20:30:06] INFO: Fetched (403) <GET https://www.mql5.com/en/articles/22139> (referer: https://www.google.com/)
[2026-07-08 20:30:06] INFO: Fetched (403) <GET https://www.mql5.com/en/articles/21905> (referer: https://www.google.com/)
[2026-07-08 20:30:06] INFO: Fetched (403) <GET https://www.mql5.com/en/articles/18281> (referer: https://www.google.com/)
[2026-07-08 20:30:06] INFO: Fetched (403) <GET https://www.mql5.com/en/articles/18131> (referer: https://www.google.com/)
[2026-07-08 20:30:06] INFO: Fetched (403) <GET https://www.mql5.com/en/articles/21775> (referer: https://www.google.com/)
[2026-07-08 20:30:06] INFO: Fetched (403) <GET https://www.mql5.com/en/articles/22216> (referer: https://www.google.com/)
[2026-07-08 20:30:07] INFO: Fetched (403) <GET https://www.mql5.com/en/articles/22078> (referer: https://www.google.com/)
[2026-07-08 20:30:07] INFO: Fetched (403) <GET https://www.mql5.com/en/articles/22231> (referer: https://www.google.com/)
[2026-07-08 20:30:07] INFO: Fetched (403) <GET https://www.mql5.com/en/articles/17649> (referer: https://www.google.com/)
[2026-07-08 20:30:07] INFO: Fetched (403) <GET https://www.mql5.com/en/articles/17577> (referer: https://www.google.com/)
[2026-07-08 20:30:07] INFO: Fetched (403) <GET https://www.mql5.com/en/articles/18154> (referer: https://www.google.com/)
[2026-07-08 20:30:07] INFO: Fetched (403) <GET https://www.mql5.com/en/articles/21817> (referer: https://www.google.com/)
[2026-07-08 20:30:07] INFO: Fetched (403) <GET https://www.mql5.com/en/articles/21515> (referer: https://www.google.com/)
[2026-07-08 20:30:07] INFO: Fetched (403) <GET https://www.mql5.com/en/articles/22129> (referer: https://www.google.com/)
[2026-07-08 20:30:07] INFO: Fetched (403) <GET https://www.mql5.com/en/articles/22047> (referer: https://www.google.com/)
[2026-07-08 20:30:07] INFO: Fetched (403) <GET https://www.mql5.com/en/articles/18192> (referer: https://www.google.com/)
[2026-07-08 20:30:07] INFO: Fetched (403) <GET https://www.mql5.com/en/articles/18086> (referer: https://www.google.com/)
[2026-07-08 20:30:07] INFO: Fetched (403) <GET https://www.mql5.com/en/articles/22227> (referer: https://www.google.com/)
[2026-07-08 20:30:07] INFO: Fetched (403) <GET https://www.mql5.com/en/articles/18097> (referer: https://www.google.com/)
[2026-07-08 20:30:07] INFO: Fetched (403) <GET https://www.mql5.com/en/articles/21876> (referer: https://www.google.com/)
[2026-07-08 20:30:07] INFO: Fetched (403) <GET https://www.mql5.com/en/articles/22194> (referer: https://www.google.com/)
[2026-07-08 20:30:07] INFO: Fetched (403) <GET https://www.mql5.com/en/articles/22107> (referer: https://www.google.com/)
[2026-07-08 20:30:07] INFO: Fetched (403) <GET https://www.mql5.com/en/articles/18103> (referer: https://www.google.com/)
[2026-07-08 20:30:07] INFO: Fetched (403) <GET https://www.mql5.com/en/articles/18057> (referer: https://www.google.com/)
[2026-07-08 20:30:07] INFO: Fetched (403) <GET https://www.mql5.com/en/articles/18099> (referer: https://www.google.com/)
[2026-07-08 20:30:07] INFO: Fetched (403) <GET https://www.mql5.com/en/articles/21742> (referer: https://www.google.com/)
[2026-07-08 20:30:07] INFO: Fetched (403) <GET https://www.mql5.com/en/articles/22105> (referer: https://www.google.com/)
[2026-07-08 20:30:07] INFO: Fetched (403) <GET https://www.mql5.com/en/articles/22096> (referer: https://www.google.com/)
[2026-07-08 20:30:07] INFO: Fetched (403) <GET https://www.mql5.com/en/articles/22032> (referer: https://www.google.com/)
[2026-07-08 20:30:07] INFO: Fetched (403) <GET https://www.mql5.com/en/articles/21533> (referer: https://www.google.com/)
[2026-07-08 20:30:07] INFO: Fetched (403) <GET https://www.mql5.com/en/articles/17917> (referer: https://www.google.com/)
[2026-07-08 20:30:07] INFO: Fetched (403) <GET https://www.mql5.com/en/articles/21142> (referer: https://www.google.com/)
[2026-07-08 20:30:07] INFO: Fetched (403) <GET https://www.mql5.com/en/articles/17458> (referer: https://www.google.com/)
[2026-07-08 20:30:07] INFO: Fetched (403) <GET https://www.mql5.com/en/articles/22136> (referer: https://www.google.com/)
[2026-07-08 20:30:07] INFO: Fetched (403) <GET https://www.mql5.com/en/articles/21376> (referer: https://www.google.com/)
[2026-07-08 20:30:07] INFO: Fetched (403) <GET https://www.mql5.com/en/articles/22014> (referer: https://www.google.com/)
[2026-07-08 20:30:07] INFO: Fetched (403) <GET https://www.mql5.com/en/articles/21976> (referer: https://www.google.com/)
[2026-07-08 20:30:08] INFO: Fetched (403) <GET https://www.mql5.com/en/articles/21938> (referer: https://www.google.com/)
[2026-07-08 20:30:08] INFO: Fetched (403) <GET https://www.mql5.com/en/articles/17947> (referer: https://www.google.com/)
[2026-07-08 20:30:08] INFO: Fetched (403) <GET https://www.mql5.com/en/articles/17874> (referer: https://www.google.com/)
[2026-07-08 20:30:08] INFO: Fetched (403) <GET https://www.mql5.com/en/articles/16729> (referer: https://www.google.com/)
[2026-07-08 20:30:08] INFO: Fetched (403) <GET https://www.mql5.com/en/articles/21858> (referer: https://www.google.com/)
[2026-07-08 20:30:08] INFO: Fetched (403) <GET https://www.mql5.com/en/articles/21842> (referer: https://www.google.com/)
[2026-07-08 20:30:08] INFO: Fetched (403) <GET https://www.mql5.com/en/articles/21871> (referer: https://www.google.com/)
[2026-07-08 20:30:08] INFO: Fetched (403) <GET https://www.mql5.com/en/articles/21984> (referer: https://www.google.com/)
[2026-07-08 20:30:08] INFO: Fetched (403) <GET https://www.mql5.com/en/articles/17606> (referer: https://www.google.com/)
[2026-07-08 20:30:08] INFO: Fetched (403) <GET https://www.mql5.com/en/articles/21955> (referer: https://www.google.com/)
[2026-07-08 20:30:08] INFO: Fetched (403) <GET https://www.mql5.com/en/articles/17531> (referer: https://www.google.com/)
[2026-07-08 20:30:08] INFO: Fetched (403) <GET https://www.mql5.com/en/articles/17845> (referer: https://www.google.com/)
[2026-07-08 20:30:08] INFO: Fetched (403) <GET https://www.mql5.com/en/articles/21915> (referer: https://www.google.com/)
[2026-07-08 20:30:08] INFO: Fetched (403) <GET https://www.mql5.com/en/articles/21811> (referer: https://www.google.com/)
[2026-07-08 20:30:08] INFO: Fetched (403) <GET https://www.mql5.com/en/articles/12928> (referer: https://www.google.com/)
[2026-07-08 20:30:08] INFO: Fetched (403) <GET https://www.mql5.com/en/articles/21888> (referer: https://www.google.com/)
[2026-07-08 20:30:08] INFO: Fetched (403) <GET https://www.mql5.com/en/articles/21824> (referer: https://www.google.com/)
[2026-07-08 20:30:08] INFO: Fetched (403) <GET https://www.mql5.com/en/articles/12927> (referer: https://www.google.com/)
[2026-07-08 20:30:08] INFO: Fetched (403) <GET https://www.mql5.com/en/articles/15922> (referer: https://www.google.com/)
[2026-07-08 20:30:08] INFO: Fetched (403) <GET https://www.mql5.com/en/articles/12926> (referer: https://www.google.com/)
[2026-07-08 20:30:08] INFO: Fetched (403) <GET https://www.mql5.com/en/articles/17800> (referer: https://www.google.com/)
[2026-07-08 20:30:08] INFO: Fetched (403) <GET https://www.mql5.com/en/articles/21803> (referer: https://www.google.com/)
[2026-07-08 20:30:08] INFO: Fetched (403) <GET https://www.mql5.com/en/articles/21339> (referer: https://www.google.com/)
[2026-07-08 20:30:08] INFO: Fetched (403) <GET https://www.mql5.com/en/articles/21351> (referer: https://www.google.com/)
[2026-07-08 20:30:08] INFO: Fetched (403) <GET https://www.mql5.com/en/articles/17811> (referer: https://www.google.com/)
[2026-07-08 20:30:08] INFO: Fetched (403) <GET https://www.mql5.com/en/articles/15912> (referer: https://www.google.com/)
[2026-07-08 20:30:08] INFO: Fetched (403) <GET https://www.mql5.com/en/articles/12829> (referer: https://www.google.com/)
[2026-07-08 20:30:08] INFO: Fetched (403) <GET https://www.mql5.com/en/articles/21759> (referer: https://www.google.com/)
[2026-07-08 20:30:08] INFO: Fetched (403) <GET https://www.mql5.com/en/articles/21890> (referer: https://www.google.com/)
[2026-07-08 20:30:08] INFO: Fetched (403) <GET https://www.mql5.com/en/articles/17760> (referer: https://www.google.com/)
[2026-07-08 20:30:08] INFO: Fetched (403) <GET https://www.mql5.com/en/articles/21829> (referer: https://www.google.com/)
[2026-07-08 20:30:09] INFO: Fetched (403) <GET https://www.mql5.com/en/articles/21743> (referer: https://www.google.com/)
[2026-07-08 20:30:09] INFO: Fetched (403) <GET https://www.mql5.com/en/articles/21728> (referer: https://www.google.com/)
[2026-07-08 20:30:09] INFO: Fetched (403) <GET https://www.mql5.com/en/articles/21833> (referer: https://www.google.com/)
[2026-07-08 20:30:09] INFO: Fetched (403) <GET https://www.mql5.com/en/articles/17549> (referer: https://www.google.com/)
[2026-07-08 20:30:09] INFO: Fetched (403) <GET https://www.mql5.com/en/articles/21823> (referer: https://www.google.com/)
[2026-07-08 20:30:09] INFO: Fetched (403) <GET https://www.mql5.com/en/articles/17688> (referer: https://www.google.com/)
[2026-07-08 20:30:09] INFO: Fetched (403) <GET https://www.mql5.com/en/articles/21825> (referer: https://www.google.com/)
[2026-07-08 20:30:09] INFO: Fetched (403) <GET https://www.mql5.com/en/articles/21677> (referer: https://www.google.com/)
[2026-07-08 20:30:09] INFO: Fetched (403) <GET https://www.mql5.com/en/articles/21337> (referer: https://www.google.com/)
[2026-07-08 20:30:09] INFO: Fetched (403) <GET https://www.mql5.com/en/articles/17487> (referer: https://www.google.com/)
[2026-07-08 20:30:09] INFO: Fetched (403) <GET https://www.mql5.com/en/articles/21501> (referer: https://www.google.com/)
[2026-07-08 20:30:09] INFO: Fetched (403) <GET https://www.mql5.com/en/articles/21372> (referer: https://www.google.com/)
[2026-07-08 20:30:09] INFO: Fetched (403) <GET https://www.mql5.com/en/articles/21335> (referer: https://www.google.com/)
[2026-07-08 20:30:09] INFO: Fetched (403) <GET https://www.mql5.com/en/articles/21676> (referer: https://www.google.com/)
[2026-07-08 20:30:09] INFO: Fetched (403) <GET https://www.mql5.com/en/articles/21704> (referer: https://www.google.com/)
[2026-07-08 20:30:09] INFO: Fetched (403) <GET https://www.mql5.com/en/articles/21393> (referer: https://www.google.com/)
[2026-07-08 20:30:09] INFO: Fetched (403) <GET https://www.mql5.com/en/articles/20117> (referer: https://www.google.com/)
[2026-07-08 20:30:09] INFO: Fetched (403) <GET https://www.mql5.com/en/articles/21581> (referer: https://www.google.com/)
[2026-07-08 20:30:09] INFO: Fetched (403) <GET https://www.mql5.com/en/articles/17459> (referer: https://www.google.com/)
[2026-07-08 20:30:09] INFO: Fetched (403) <GET https://www.mql5.com/en/articles/21446> (referer: https://www.google.com/)
[2026-07-08 20:30:09] INFO: Fetched (403) <GET https://www.mql5.com/en/articles/21392> (referer: https://www.google.com/)
[2026-07-08 20:30:09] INFO: Fetched (403) <GET https://www.mql5.com/en/articles/21679> (referer: https://www.google.com/)
[2026-07-08 20:30:09] INFO: Fetched (403) <GET https://www.mql5.com/en/articles/21603> (referer: https://www.google.com/)
[2026-07-08 20:30:09] INFO: Fetched (403) <GET https://www.mql5.com/en/articles/21590> (referer: https://www.google.com/)
[2026-07-08 20:30:09] INFO: Fetched (403) <GET https://www.mql5.com/en/articles/21493> (referer: https://www.google.com/)
[2026-07-08 20:30:09] INFO: Fetched (403) <GET https://www.mql5.com/en/articles/21318> (referer: https://www.google.com/)
[2026-07-08 20:30:09] INFO: Fetched (403) <GET https://www.mql5.com/en/articles/21589> (referer: https://www.google.com/)
[2026-07-08 20:30:09] INFO: Fetched (403) <GET https://www.mql5.com/en/articles/21246> (referer: https://www.google.com/)
[2026-07-08 20:30:09] INFO: Fetched (403) <GET https://www.mql5.com/en/articles/21429> (referer: https://www.google.com/)
[2026-07-08 20:30:09] INFO: Fetched (403) <GET https://www.mql5.com/en/articles/21315> (referer: https://www.google.com/)
[2026-07-08 20:30:10] INFO: Fetched (403) <GET https://www.mql5.com/en/articles/21313> (referer: https://www.google.com/)
[2026-07-08 20:30:10] INFO: Fetched (403) <GET https://www.mql5.com/en/articles/21391> (referer: https://www.google.com/)
[2026-07-08 20:30:10] INFO: Fetched (403) <GET https://www.mql5.com/en/articles/17371> (referer: https://www.google.com/)
[2026-07-08 20:30:10] INFO: Fetched (403) <GET https://www.mql5.com/en/articles/21279> (referer: https://www.google.com/)
[2026-07-08 20:30:10] INFO: Fetched (403) <GET https://www.mql5.com/en/articles/21460> (referer: https://www.google.com/)
[2026-07-08 20:30:10] INFO: Fetched (403) <GET https://www.mql5.com/en/articles/17351> (referer: https://www.google.com/)
[2026-07-08 20:30:10] INFO: Fetched (403) <GET https://www.mql5.com/en/articles/21518> (referer: https://www.google.com/)
[2026-07-08 20:30:10] INFO: Fetched (403) <GET https://www.mql5.com/en/articles/21387> (referer: https://www.google.com/)
[2026-07-08 20:30:10] INFO: Fetched (403) <GET https://www.mql5.com/en/articles/21306> (referer: https://www.google.com/)
[2026-07-08 20:30:10] INFO: Fetched (403) <GET https://www.mql5.com/en/articles/21443> (referer: https://www.google.com/)
[2026-07-08 20:30:10] INFO: Fetched (403) <GET https://www.mql5.com/en/articles/21507> (referer: https://www.google.com/)
[2026-07-08 20:30:10] INFO: Fetched (403) <GET https://www.mql5.com/en/articles/21326> (referer: https://www.google.com/)
[2026-07-08 20:30:10] INFO: Fetched (403) <GET https://www.mql5.com/en/articles/21135> (referer: https://www.google.com/)
[2026-07-08 20:30:10] INFO: Fetched (403) <GET https://www.mql5.com/en/articles/17957> (referer: https://www.google.com/)
[2026-07-08 20:30:10] INFO: Fetched (403) <GET https://www.mql5.com/en/articles/21228> (referer: https://www.google.com/)
[2026-07-08 20:30:10] INFO: Fetched (403) <GET https://www.mql5.com/en/articles/21133> (referer: https://www.google.com/)
[2026-07-08 20:30:10] INFO: Fetched (403) <GET https://www.mql5.com/en/articles/21330> (referer: https://www.google.com/)
[2026-07-08 20:30:10] INFO: Fetched (403) <GET https://www.mql5.com/en/articles/21390> (referer: https://www.google.com/)
[2026-07-08 20:30:10] INFO: Fetched (403) <GET https://www.mql5.com/en/articles/21303> (referer: https://www.google.com/)
[2026-07-08 20:30:10] INFO: Fetched (403) <GET https://www.mql5.com/en/articles/20451> (referer: https://www.google.com/)
[2026-07-08 20:30:10] INFO: Fetched (403) <GET https://www.mql5.com/en/articles/21273> (referer: https://www.google.com/)
[2026-07-08 20:30:10] INFO: Fetched (403) <GET https://www.mql5.com/en/articles/21283> (referer: https://www.google.com/)

  ! fetch KO (HTTP 403): https://www.mql5.com/en/articles/18303
  ! fetch KO (HTTP 403): https://www.mql5.com/en/articles/22288
  ! fetch KO (HTTP 403): https://www.mql5.com/en/articles/22342
  ! fetch KO (HTTP 403): https://www.mql5.com/en/articles/18355
  ! fetch KO (HTTP 403): https://www.mql5.com/en/articles/22338
  ! fetch KO (HTTP 403): https://www.mql5.com/en/articles/17883
  ! fetch KO (HTTP 403): https://www.mql5.com/en/articles/21961
  ! fetch KO (HTTP 403): https://www.mql5.com/en/articles/22258
  ! fetch KO (HTTP 403): https://www.mql5.com/en/articles/22139
  ! fetch KO (HTTP 403): https://www.mql5.com/en/articles/21905
  ! fetch KO (HTTP 403): https://www.mql5.com/en/articles/18281
  ! fetch KO (HTTP 403): https://www.mql5.com/en/articles/18131
  ! fetch KO (HTTP 403): https://www.mql5.com/en/articles/21775
  ! fetch KO (HTTP 403): https://www.mql5.com/en/articles/22216
  ! fetch KO (HTTP 403): https://www.mql5.com/en/articles/22078
  ! fetch KO (HTTP 403): https://www.mql5.com/en/articles/22231
  ! fetch KO (HTTP 403): https://www.mql5.com/en/articles/17649
  ! fetch KO (HTTP 403): https://www.mql5.com/en/articles/17577
  ! fetch KO (HTTP 403): https://www.mql5.com/en/articles/18154
  ! fetch KO (HTTP 403): https://www.mql5.com/en/articles/21817
  ! fetch KO (HTTP 403): https://www.mql5.com/en/articles/21515
  ! fetch KO (HTTP 403): https://www.mql5.com/en/articles/22129
  ! fetch KO (HTTP 403): https://www.mql5.com/en/articles/22047
  ! fetch KO (HTTP 403): https://www.mql5.com/en/articles/18192
  ! fetch KO (HTTP 403): https://www.mql5.com/en/articles/18086
  ! fetch KO (HTTP 403): https://www.mql5.com/en/articles/22227
  ! fetch KO (HTTP 403): https://www.mql5.com/en/articles/18097
  ! fetch KO (HTTP 403): https://www.mql5.com/en/articles/21876
  ! fetch KO (HTTP 403): https://www.mql5.com/en/articles/22194
  ! fetch KO (HTTP 403): https://www.mql5.com/en/articles/22107
  ! fetch KO (HTTP 403): https://www.mql5.com/en/articles/18103
  ! fetch KO (HTTP 403): https://www.mql5.com/en/articles/18057
  ! fetch KO (HTTP 403): https://www.mql5.com/en/articles/18099
  ! fetch KO (HTTP 403): https://www.mql5.com/en/articles/21742
  ! fetch KO (HTTP 403): https://www.mql5.com/en/articles/22105
  ! fetch KO (HTTP 403): https://www.mql5.com/en/articles/22096
  ! fetch KO (HTTP 403): https://www.mql5.com/en/articles/22032
  ! fetch KO (HTTP 403): https://www.mql5.com/en/articles/21533
  ! fetch KO (HTTP 403): https://www.mql5.com/en/articles/17917
  ! fetch KO (HTTP 403): https://www.mql5.com/en/articles/21142
  ! fetch KO (HTTP 403): https://www.mql5.com/en/articles/17458
  ! fetch KO (HTTP 403): https://www.mql5.com/en/articles/22136
  ! fetch KO (HTTP 403): https://www.mql5.com/en/articles/21376
  ! fetch KO (HTTP 403): https://www.mql5.com/en/articles/22014
  ! fetch KO (HTTP 403): https://www.mql5.com/en/articles/21976
  ! fetch KO (HTTP 403): https://www.mql5.com/en/articles/21938
  ! fetch KO (HTTP 403): https://www.mql5.com/en/articles/17947
  ! fetch KO (HTTP 403): https://www.mql5.com/en/articles/17874
  ! fetch KO (HTTP 403): https://www.mql5.com/en/articles/16729
  ! fetch KO (HTTP 403): https://www.mql5.com/en/articles/21858
  ! fetch KO (HTTP 403): https://www.mql5.com/en/articles/21842
  ! fetch KO (HTTP 403): https://www.mql5.com/en/articles/21871
  ! fetch KO (HTTP 403): https://www.mql5.com/en/articles/21984
  ! fetch KO (HTTP 403): https://www.mql5.com/en/articles/17606
  ! fetch KO (HTTP 403): https://www.mql5.com/en/articles/21955
  ! fetch KO (HTTP 403): https://www.mql5.com/en/articles/17531
  ! fetch KO (HTTP 403): https://www.mql5.com/en/articles/17845
  ! fetch KO (HTTP 403): https://www.mql5.com/en/articles/21915
  ! fetch KO (HTTP 403): https://www.mql5.com/en/articles/21811
  ! fetch KO (HTTP 403): https://www.mql5.com/en/articles/12928
  ! fetch KO (HTTP 403): https://www.mql5.com/en/articles/21888
  ! fetch KO (HTTP 403): https://www.mql5.com/en/articles/21824
  ! fetch KO (HTTP 403): https://www.mql5.com/en/articles/12927
  ! fetch KO (HTTP 403): https://www.mql5.com/en/articles/15922
  ! fetch KO (HTTP 403): https://www.mql5.com/en/articles/12926
  ! fetch KO (HTTP 403): https://www.mql5.com/en/articles/17800
  ! fetch KO (HTTP 403): https://www.mql5.com/en/articles/21803
  ! fetch KO (HTTP 403): https://www.mql5.com/en/articles/21339
  ! fetch KO (HTTP 403): https://www.mql5.com/en/articles/21351
  ! fetch KO (HTTP 403): https://www.mql5.com/en/articles/17811
  ! fetch KO (HTTP 403): https://www.mql5.com/en/articles/15912
  ! fetch KO (HTTP 403): https://www.mql5.com/en/articles/12829
  ! fetch KO (HTTP 403): https://www.mql5.com/en/articles/21759
  ! fetch KO (HTTP 403): https://www.mql5.com/en/articles/21890
  ! fetch KO (HTTP 403): https://www.mql5.com/en/articles/17760
  ! fetch KO (HTTP 403): https://www.mql5.com/en/articles/21829
  ! fetch KO (HTTP 403): https://www.mql5.com/en/articles/21743
  ! fetch KO (HTTP 403): https://www.mql5.com/en/articles/21728
  ! fetch KO (HTTP 403): https://www.mql5.com/en/articles/21833
  ! fetch KO (HTTP 403): https://www.mql5.com/en/articles/17549
  ! fetch KO (HTTP 403): https://www.mql5.com/en/articles/21823
  ! fetch KO (HTTP 403): https://www.mql5.com/en/articles/17688
  ! fetch KO (HTTP 403): https://www.mql5.com/en/articles/21825
  ! fetch KO (HTTP 403): https://www.mql5.com/en/articles/21677
  ! fetch KO (HTTP 403): https://www.mql5.com/en/articles/21337
  ! fetch KO (HTTP 403): https://www.mql5.com/en/articles/17487
  ! fetch KO (HTTP 403): https://www.mql5.com/en/articles/21501
  ! fetch KO (HTTP 403): https://www.mql5.com/en/articles/21372
  ! fetch KO (HTTP 403): https://www.mql5.com/en/articles/21335
  ! fetch KO (HTTP 403): https://www.mql5.com/en/articles/21676
  ! fetch KO (HTTP 403): https://www.mql5.com/en/articles/21704
  ! fetch KO (HTTP 403): https://www.mql5.com/en/articles/21393
  ! fetch KO (HTTP 403): https://www.mql5.com/en/articles/20117
  ! fetch KO (HTTP 403): https://www.mql5.com/en/articles/21581
  ! fetch KO (HTTP 403): https://www.mql5.com/en/articles/17459
  ! fetch KO (HTTP 403): https://www.mql5.com/en/articles/21446
  ! fetch KO (HTTP 403): https://www.mql5.com/en/articles/21392
  ! fetch KO (HTTP 403): https://www.mql5.com/en/articles/21679
  ! fetch KO (HTTP 403): https://www.mql5.com/en/articles/21603
  ! fetch KO (HTTP 403): https://www.mql5.com/en/articles/21590
  ! fetch KO (HTTP 403): https://www.mql5.com/en/articles/21493
  ! fetch KO (HTTP 403): https://www.mql5.com/en/articles/21318
  ! fetch KO (HTTP 403): https://www.mql5.com/en/articles/21589
  ! fetch KO (HTTP 403): https://www.mql5.com/en/articles/21246
  ! fetch KO (HTTP 403): https://www.mql5.com/en/articles/21429
  ! fetch KO (HTTP 403): https://www.mql5.com/en/articles/21315
  ! fetch KO (HTTP 403): https://www.mql5.com/en/articles/21313
  ! fetch KO (HTTP 403): https://www.mql5.com/en/articles/21391
  ! fetch KO (HTTP 403): https://www.mql5.com/en/articles/17371
  ! fetch KO (HTTP 403): https://www.mql5.com/en/articles/21279
  ! fetch KO (HTTP 403): https://www.mql5.com/en/articles/21460
  ! fetch KO (HTTP 403): https://www.mql5.com/en/articles/17351
  ! fetch KO (HTTP 403): https://www.mql5.com/en/articles/21518
  ! fetch KO (HTTP 403): https://www.mql5.com/en/articles/21387
  ! fetch KO (HTTP 403): https://www.mql5.com/en/articles/21306
  ! fetch KO (HTTP 403): https://www.mql5.com/en/articles/21443
  ! fetch KO (HTTP 403): https://www.mql5.com/en/articles/21507
  ! fetch KO (HTTP 403): https://www.mql5.com/en/articles/21326
  ! fetch KO (HTTP 403): https://www.mql5.com/en/articles/21135
  ! fetch KO (HTTP 403): https://www.mql5.com/en/articles/17957
  ! fetch KO (HTTP 403): https://www.mql5.com/en/articles/21228
  ! fetch KO (HTTP 403): https://www.mql5.com/en/articles/21133
  ! fetch KO (HTTP 403): https://www.mql5.com/en/articles/21330
  ! fetch KO (HTTP 403): https://www.mql5.com/en/articles/21390
  ! fetch KO (HTTP 403): https://www.mql5.com/en/articles/21303
  ! fetch KO (HTTP 403): https://www.mql5.com/en/articles/20451
  ! fetch KO (HTTP 403): https://www.mql5.com/en/articles/21273
  ! fetch KO (HTTP 403): https://www.mql5.com/en/articles/21283[2026-07-08 20:30:10] INFO: Fetched (403) <GET https://www.mql5.com/en/articles/12828> (referer: https://www.google.com/)
[2026-07-08 20:30:10] INFO: Fetched (403) <GET https://www.mql5.com/en/articles/21388> (referer: https://www.google.com/)
[2026-07-08 20:30:10] INFO: Fetched (403) <GET https://www.mql5.com/en/articles/21275> (referer: https://www.google.com/)
[2026-07-08 20:30:10] INFO: Fetched (403) <GET https://www.mql5.com/en/articles/12827> (referer: https://www.google.com/)
[2026-07-08 20:30:10] INFO: Fetched (403) <GET https://www.mql5.com/en/articles/21309> (referer: https://www.google.com/)
[2026-07-08 20:30:10] INFO: Fetched (403) <GET https://www.mql5.com/en/articles/12790> (referer: https://www.google.com/)
[2026-07-08 20:30:10] INFO: Fetched (403) <GET https://www.mql5.com/en/articles/21235> (referer: https://www.google.com/)
[2026-07-08 20:30:10] INFO: Fetched (403) <GET https://www.mql5.com/en/articles/12745> (referer: https://www.google.com/)
[2026-07-08 20:30:10] INFO: Fetched (403) <GET https://www.mql5.com/en/articles/17640> (referer: https://www.google.com/)
[2026-07-08 20:30:11] INFO: Fetched (403) <GET https://www.mql5.com/en/articles/21255> (referer: https://www.google.com/)
[2026-07-08 20:30:11] INFO: Fetched (403) <GET https://www.mql5.com/en/articles/21267> (referer: https://www.google.com/)
[2026-07-08 20:30:11] INFO: Fetched (403) <GET https://www.mql5.com/en/articles/21271> (referer: https://www.google.com/)
[2026-07-08 20:30:11] INFO: Fetched (403) <GET https://www.mql5.com/en/articles/21277> (referer: https://www.google.com/)
[2026-07-08 20:30:11] INFO: Fetched (403) <GET https://www.mql5.com/en/articles/17508> (referer: https://www.google.com/)
[2026-07-08 20:30:11] INFO: Fetched (403) <GET https://www.mql5.com/en/articles/15860> (referer: https://www.google.com/)
[2026-07-08 20:30:11] INFO: Fetched (403) <GET https://www.mql5.com/en/articles/18253> (referer: https://www.google.com/)
[2026-07-08 20:30:11] INFO: Fetched (403) <GET https://www.mql5.com/en/articles/18035> (referer: https://www.google.com/)
[2026-07-08 20:30:11] INFO: Fetched (403) <GET https://www.mql5.com/en/articles/21212> (referer: https://www.google.com/)
[2026-07-08 20:30:11] INFO: Fetched (403) <GET https://www.mql5.com/en/articles/21264> (referer: https://www.google.com/)
[2026-07-08 20:30:11] INFO: Fetched (403) <GET https://www.mql5.com/en/articles/15889> (referer: https://www.google.com/)
[2026-07-08 20:30:11] INFO: Fetched (403) <GET https://www.mql5.com/en/articles/15869> (referer: https://www.google.com/)
[2026-07-08 20:30:11] INFO: Fetched (403) <GET https://www.mql5.com/en/articles/12744> (referer: https://www.google.com/)
[2026-07-08 20:30:11] INFO: Fetched (403) <GET https://www.mql5.com/en/articles/10683> (referer: https://www.google.com/)
[2026-07-08 20:30:11] INFO: Fetched (403) <GET https://www.mql5.com/en/articles/15847> (referer: https://www.google.com/)
[2026-07-08 20:30:11] INFO: Fetched (403) <GET https://www.mql5.com/en/articles/21128> (referer: https://www.google.com/)
[2026-07-08 20:30:11] INFO: Fetched (403) <GET https://www.mql5.com/en/articles/19930> (referer: https://www.google.com/)
[2026-07-08 20:30:11] INFO: Fetched (403) <GET https://www.mql5.com/en/articles/21226> (referer: https://www.google.com/)
[2026-07-08 20:30:11] INFO: Fetched (403) <GET https://www.mql5.com/en/articles/21252> (referer: https://www.google.com/)
[2026-07-08 20:30:11] INFO: Fetched (403) <GET https://www.mql5.com/en/articles/21115> (referer: https://www.google.com/)
[2026-07-08 20:30:11] INFO: Fetched (403) <GET https://www.mql5.com/en/articles/15833> (referer: https://www.google.com/)
[2026-07-08 20:30:11] INFO: Fetched (403) <GET https://www.mql5.com/en/articles/21160> (referer: https://www.google.com/)
[2026-07-08 20:30:11] INFO: Fetched (403) <GET https://www.mql5.com/en/articles/21045> (referer: https://www.google.com/)
[2026-07-08 20:30:11] INFO: Fetched (403) <GET https://www.mql5.com/en/articles/15828> (referer: https://www.google.com/)
[2026-07-08 20:30:11] INFO: Fetched (403) <GET https://www.mql5.com/en/articles/17755> (referer: https://www.google.com/)
[2026-07-08 20:30:11] INFO: Fetched (403) <GET https://www.mql5.com/en/articles/17219> (referer: https://www.google.com/)
[2026-07-08 20:30:11] INFO: Fetched (403) <GET https://www.mql5.com/en/articles/21189> (referer: https://www.google.com/)
[2026-07-08 20:30:11] INFO: Fetched (403) <GET https://www.mql5.com/en/articles/20958> (referer: https://www.google.com/)
[2026-07-08 20:30:11] INFO: Fetched (403) <GET https://www.mql5.com/en/articles/20908> (referer: https://www.google.com/)
[2026-07-08 20:30:11] INFO: Fetched (403) <GET https://www.mql5.com/en/articles/15802> (referer: https://www.google.com/)
[2026-07-08 20:30:11] INFO: Fetched (403) <GET https://www.mql5.com/en/articles/17706> (referer: https://www.google.com/)
[2026-07-08 20:30:12] INFO: Fetched (403) <GET https://www.mql5.com/en/articles/21197> (referer: https://www.google.com/)
[2026-07-08 20:30:12] INFO: Fetched (403) <GET https://www.mql5.com/en/articles/15794> (referer: https://www.google.com/)
[2026-07-08 20:30:12] INFO: Fetched (403) <GET https://www.mql5.com/en/articles/20892> (referer: https://www.google.com/)
[2026-07-08 20:30:12] INFO: Fetched (403) <GET https://www.mql5.com/en/articles/21127> (referer: https://www.google.com/)
[2026-07-08 20:30:12] INFO: Fetched (403) <GET https://www.mql5.com/en/articles/17981> (referer: https://www.google.com/)
[2026-07-08 20:30:12] INFO: Fetched (403) <GET https://www.mql5.com/en/articles/17455> (referer: https://www.google.com/)
[2026-07-08 20:30:12] INFO: Fetched (403) <GET https://www.mql5.com/en/articles/17654> (referer: https://www.google.com/)
[2026-07-08 20:30:12] INFO: Fetched (403) <GET https://www.mql5.com/en/articles/15733> (referer: https://www.google.com/)
[2026-07-08 20:30:12] INFO: Fetched (403) <GET https://www.mql5.com/en/articles/20852> (referer: https://www.google.com/)
[2026-07-08 20:30:12] INFO: Fetched (403) <GET https://www.mql5.com/en/articles/20755> (referer: https://www.google.com/)
[2026-07-08 20:30:12] INFO: Fetched (403) <GET https://www.mql5.com/en/articles/17546> (referer: https://www.google.com/)
[2026-07-08 20:30:12] INFO: Fetched (403) <GET https://www.mql5.com/en/articles/21129> (referer: https://www.google.com/)
[2026-07-08 20:30:12] INFO: Fetched (403) <GET https://www.mql5.com/en/articles/21109> (referer: https://www.google.com/)
[2026-07-08 20:30:12] INFO: Fetched (403) <GET https://www.mql5.com/en/articles/21061> (referer: https://www.google.com/)
[2026-07-08 20:30:12] INFO: Fetched (403) <GET https://www.mql5.com/en/articles/17522> (referer: https://www.google.com/)
[2026-07-08 20:30:12] INFO: Fetched (403) <GET https://www.mql5.com/en/articles/20986> (referer: https://www.google.com/)
[2026-07-08 20:30:12] INFO: Fetched (403) <GET https://www.mql5.com/en/articles/21140> (referer: https://www.google.com/)
[2026-07-08 20:30:12] INFO: Fetched (403) <GET https://www.mql5.com/en/articles/21063> (referer: https://www.google.com/)
[2026-07-08 20:30:12] INFO: Fetched (403) <GET https://www.mql5.com/en/articles/17457> (referer: https://www.google.com/)
[2026-07-08 20:30:12] INFO: Fetched (403) <GET https://www.mql5.com/en/articles/20654> (referer: https://www.google.com/)
[2026-07-08 20:30:12] INFO: Fetched (403) <GET https://www.mql5.com/en/articles/20904> (referer: https://www.google.com/)
[2026-07-08 20:30:12] INFO: Fetched (403) <GET https://www.mql5.com/en/articles/12743> (referer: https://www.google.com/)
[2026-07-08 20:30:12] INFO: Fetched (403) <GET https://www.mql5.com/en/articles/20856> (referer: https://www.google.com/)
[2026-07-08 20:30:12] INFO: Fetched (403) <GET https://www.mql5.com/en/articles/17497> (referer: https://www.google.com/)
[2026-07-08 20:30:12] INFO: Fetched (403) <GET https://www.mql5.com/en/articles/20371> (referer: https://www.google.com/)
[2026-07-08 20:30:12] INFO: Fetched (403) <GET https://www.mql5.com/en/articles/20669> (referer: https://www.google.com/)
[2026-07-08 20:30:12] INFO: Fetched (403) <GET https://www.mql5.com/en/articles/17310> (referer: https://www.google.com/)
[2026-07-08 20:30:12] INFO: Fetched (403) <GET https://www.mql5.com/en/articles/17595> (referer: https://www.google.com/)
[2026-07-08 20:30:12] INFO: Fetched (403) <GET https://www.mql5.com/en/articles/21096> (referer: https://www.google.com/)
[2026-07-08 20:30:12] INFO: Fetched (403) <GET https://www.mql5.com/en/articles/20996> (referer: https://www.google.com/)
[2026-07-08 20:30:12] INFO: Fetched (403) <GET https://www.mql5.com/en/articles/21072> (referer: https://www.google.com/)
[2026-07-08 20:30:12] INFO: Fetched (403) <GET https://www.mql5.com/en/articles/21003> (referer: https://www.google.com/)
[2026-07-08 20:30:13] INFO: Fetched (403) <GET https://www.mql5.com/en/articles/21083> (referer: https://www.google.com/)
[2026-07-08 20:30:13] INFO: Fetched (403) <GET https://www.mql5.com/en/articles/20978> (referer: https://www.google.com/)
[2026-07-08 20:30:13] INFO: Fetched (403) <GET https://www.mql5.com/en/articles/20478> (referer: https://www.google.com/)
[2026-07-08 20:30:13] INFO: Fetched (403) <GET https://www.mql5.com/en/articles/18885> (referer: https://www.google.com/)
[2026-07-08 20:30:13] INFO: Fetched (403) <GET https://www.mql5.com/en/articles/21038> (referer: https://www.google.com/)
[2026-07-08 20:30:13] INFO: Fetched (403) <GET https://www.mql5.com/en/articles/17249> (referer: https://www.google.com/)
[2026-07-08 20:30:13] INFO: Fetched (403) <GET https://www.mql5.com/en/articles/20995> (referer: https://www.google.com/)
[2026-07-08 20:30:13] INFO: Fetched (403) <GET https://www.mql5.com/en/articles/20941> (referer: https://www.google.com/)
[2026-07-08 20:30:13] INFO: Fetched (403) <GET https://www.mql5.com/en/articles/17526> (referer: https://www.google.com/)
[2026-07-08 20:30:13] INFO: Fetched (403) <GET https://www.mql5.com/en/articles/17279> (referer: https://www.google.com/)
[2026-07-08 20:30:13] INFO: Fetched (403) <GET https://www.mql5.com/en/articles/20946> (referer: https://www.google.com/)
[2026-07-08 20:30:13] INFO: Fetched (403) <GET https://www.mql5.com/en/articles/20973> (referer: https://www.google.com/)
[2026-07-08 20:30:13] INFO: Fetched (403) <GET https://www.mql5.com/en/articles/20917> (referer: https://www.google.com/)
[2026-07-08 20:30:13] INFO: Fetched (403) <GET https://www.mql5.com/en/articles/17422> (referer: https://www.google.com/)
[2026-07-08 20:30:13] INFO: Fetched (403) <GET https://www.mql5.com/en/articles/17167> (referer: https://www.google.com/)
[2026-07-08 20:30:13] INFO: Fetched (403) <GET https://www.mql5.com/en/articles/20938> (referer: https://www.google.com/)
[2026-07-08 20:30:13] INFO: Fetched (200) <GET https://www.mql5.com/en/articles/20962> (referer: https://www.google.com/)
[2026-07-08 20:30:14] INFO: Fetched (403) <GET https://www.mql5.com/en/articles/20862> (referer: https://www.google.com/)
[2026-07-08 20:30:14] INFO: Fetched (403) <GET https://www.mql5.com/en/articles/17410> (referer: https://www.google.com/)
[2026-07-08 20:30:14] INFO: Fetched (403) <GET https://www.mql5.com/en/articles/17328> (referer: https://www.google.com/)
[2026-07-08 20:30:14] INFO: Fetched (403) <GET https://www.mql5.com/en/articles/20782> (referer: https://www.google.com/)
[2026-07-08 20:30:14] INFO: Fetched (403) <GET https://www.mql5.com/en/articles/20815> (referer: https://www.google.com/)
[2026-07-08 20:30:14] INFO: Fetched (403) <GET https://www.mql5.com/en/articles/20949> (referer: https://www.google.com/)
[2026-07-08 20:30:14] INFO: Fetched (403) <GET https://www.mql5.com/en/articles/20859> (referer: https://www.google.com/)
[2026-07-08 20:30:14] INFO: Fetched (403) <GET https://www.mql5.com/en/articles/12673> (referer: https://www.google.com/)
[2026-07-08 20:30:14] INFO: Fetched (403) <GET https://www.mql5.com/en/articles/17241> (referer: https://www.google.com/)
[2026-07-08 20:30:14] INFO: Fetched (403) <GET https://www.mql5.com/en/articles/20933> (referer: https://www.google.com/)
[2026-07-08 20:30:14] INFO: Fetched (403) <GET https://www.mql5.com/en/articles/20945> (referer: https://www.google.com/)
[2026-07-08 20:30:15] INFO: Fetched (403) <GET https://www.mql5.com/en/articles/17512> (referer: https://www.google.com/)
[2026-07-08 20:30:15] INFO: Fetched (403) <GET https://www.mql5.com/en/articles/19755> (referer: https://www.google.com/)
[2026-07-08 20:30:15] INFO: Fetched (403) <GET https://www.mql5.com/en/articles/20851> (referer: https://www.google.com/)
[2026-07-08 20:30:15] INFO: Fetched (403) <GET https://www.mql5.com/en/articles/20745> (referer: https://www.google.com/)
[2026-07-08 20:30:15] INFO: Fetched (403) <GET https://www.mql5.com/en/articles/20455> (referer: https://www.google.com/)
[2026-07-08 20:30:15] INFO: Fetched (403) <GET https://www.mql5.com/en/articles/15732> (referer: https://www.google.com/)
[2026-07-08 20:30:15] INFO: Fetched (403) <GET https://www.mql5.com/en/articles/17424> (referer: https://www.google.com/)
[2026-07-08 20:30:15] INFO: Fetched (403) <GET https://www.mql5.com/en/articles/20802> (referer: https://www.google.com/)
[2026-07-08 20:30:15] INFO: Fetched (403) <GET https://www.mql5.com/en/articles/20811> (referer: https://www.google.com/)
[2026-07-08 20:30:15] INFO: Fetched (403) <GET https://www.mql5.com/en/articles/17168> (referer: https://www.google.com/)
[2026-07-08 20:30:15] INFO: Fetched (403) <GET https://www.mql5.com/en/articles/17210> (referer: https://www.google.com/)
[2026-07-08 20:30:15] INFO: Fetched (403) <GET https://www.mql5.com/en/articles/20728> (referer: https://www.google.com/)
[2026-07-08 20:30:15] INFO: Fetched (403) <GET https://www.mql5.com/en/articles/16992> (referer: https://www.google.com/)
[2026-07-08 20:30:15] INFO: Fetched (403) <GET https://www.mql5.com/en/articles/20716> (referer: https://www.google.com/)
[2026-07-08 20:30:15] INFO: Fetched (403) <GET https://www.mql5.com/en/articles/20589> (referer: https://www.google.com/)
[2026-07-08 20:30:15] INFO: Fetched (403) <GET https://www.mql5.com/en/articles/20700> (referer: https://www.google.com/)
[2026-07-08 20:30:15] INFO: Fetched (403) <GET https://www.mql5.com/en/articles/20722> (referer: https://www.google.com/)
[2026-07-08 20:30:15] INFO: Fetched (403) <GET https://www.mql5.com/en/articles/20510> (referer: https://www.google.com/)

  ! fetch KO (HTTP 403): https://www.mql5.com/en/articles/12828
  ! fetch KO (HTTP 403): https://www.mql5.com/en/articles/21388
  ! fetch KO (HTTP 403): https://www.mql5.com/en/articles/21275
  ! fetch KO (HTTP 403): https://www.mql5.com/en/articles/12827
  ! fetch KO (HTTP 403): https://www.mql5.com/en/articles/21309
  ! fetch KO (HTTP 403): https://www.mql5.com/en/articles/12790
  ! fetch KO (HTTP 403): https://www.mql5.com/en/articles/21235
  ! fetch KO (HTTP 403): https://www.mql5.com/en/articles/12745
  ! fetch KO (HTTP 403): https://www.mql5.com/en/articles/17640
  ! fetch KO (HTTP 403): https://www.mql5.com/en/articles/21255
  ! fetch KO (HTTP 403): https://www.mql5.com/en/articles/21267
  ! fetch KO (HTTP 403): https://www.mql5.com/en/articles/21271
  ! fetch KO (HTTP 403): https://www.mql5.com/en/articles/21277
  ! fetch KO (HTTP 403): https://www.mql5.com/en/articles/17508
  ! fetch KO (HTTP 403): https://www.mql5.com/en/articles/15860
  ! fetch KO (HTTP 403): https://www.mql5.com/en/articles/18253
  ! fetch KO (HTTP 403): https://www.mql5.com/en/articles/18035
  ! fetch KO (HTTP 403): https://www.mql5.com/en/articles/21212
  ! fetch KO (HTTP 403): https://www.mql5.com/en/articles/21264
  ! fetch KO (HTTP 403): https://www.mql5.com/en/articles/15889
  ! fetch KO (HTTP 403): https://www.mql5.com/en/articles/15869
  ! fetch KO (HTTP 403): https://www.mql5.com/en/articles/12744
  ! fetch KO (HTTP 403): https://www.mql5.com/en/articles/10683
  ! fetch KO (HTTP 403): https://www.mql5.com/en/articles/15847
  ! fetch KO (HTTP 403): https://www.mql5.com/en/articles/21128
  ! fetch KO (HTTP 403): https://www.mql5.com/en/articles/19930
  ! fetch KO (HTTP 403): https://www.mql5.com/en/articles/21226
  ! fetch KO (HTTP 403): https://www.mql5.com/en/articles/21252
  ! fetch KO (HTTP 403): https://www.mql5.com/en/articles/21115
  ! fetch KO (HTTP 403): https://www.mql5.com/en/articles/15833
  ! fetch KO (HTTP 403): https://www.mql5.com/en/articles/21160
  ! fetch KO (HTTP 403): https://www.mql5.com/en/articles/21045
  ! fetch KO (HTTP 403): https://www.mql5.com/en/articles/15828
  ! fetch KO (HTTP 403): https://www.mql5.com/en/articles/17755
  ! fetch KO (HTTP 403): https://www.mql5.com/en/articles/17219
  ! fetch KO (HTTP 403): https://www.mql5.com/en/articles/21189
  ! fetch KO (HTTP 403): https://www.mql5.com/en/articles/20958
  ! fetch KO (HTTP 403): https://www.mql5.com/en/articles/20908
  ! fetch KO (HTTP 403): https://www.mql5.com/en/articles/15802
  ! fetch KO (HTTP 403): https://www.mql5.com/en/articles/17706
  ! fetch KO (HTTP 403): https://www.mql5.com/en/articles/21197
  ! fetch KO (HTTP 403): https://www.mql5.com/en/articles/15794
  ! fetch KO (HTTP 403): https://www.mql5.com/en/articles/20892
  ! fetch KO (HTTP 403): https://www.mql5.com/en/articles/21127
  ! fetch KO (HTTP 403): https://www.mql5.com/en/articles/17981
  ! fetch KO (HTTP 403): https://www.mql5.com/en/articles/17455
  ! fetch KO (HTTP 403): https://www.mql5.com/en/articles/17654
  ! fetch KO (HTTP 403): https://www.mql5.com/en/articles/15733
  ! fetch KO (HTTP 403): https://www.mql5.com/en/articles/20852
  ! fetch KO (HTTP 403): https://www.mql5.com/en/articles/20755
  ! fetch KO (HTTP 403): https://www.mql5.com/en/articles/17546
  ! fetch KO (HTTP 403): https://www.mql5.com/en/articles/21129
  ! fetch KO (HTTP 403): https://www.mql5.com/en/articles/21109
  ! fetch KO (HTTP 403): https://www.mql5.com/en/articles/21061
  ! fetch KO (HTTP 403): https://www.mql5.com/en/articles/17522
  ! fetch KO (HTTP 403): https://www.mql5.com/en/articles/20986
  ! fetch KO (HTTP 403): https://www.mql5.com/en/articles/21140
  ! fetch KO (HTTP 403): https://www.mql5.com/en/articles/21063
  ! fetch KO (HTTP 403): https://www.mql5.com/en/articles/17457
  ! fetch KO (HTTP 403): https://www.mql5.com/en/articles/20654
  ! fetch KO (HTTP 403): https://www.mql5.com/en/articles/20904
  ! fetch KO (HTTP 403): https://www.mql5.com/en/articles/12743
  ! fetch KO (HTTP 403): https://www.mql5.com/en/articles/20856
  ! fetch KO (HTTP 403): https://www.mql5.com/en/articles/17497
  ! fetch KO (HTTP 403): https://www.mql5.com/en/articles/20371
  ! fetch KO (HTTP 403): https://www.mql5.com/en/articles/20669
  ! fetch KO (HTTP 403): https://www.mql5.com/en/articles/17310
  ! fetch KO (HTTP 403): https://www.mql5.com/en/articles/17595
  ! fetch KO (HTTP 403): https://www.mql5.com/en/articles/21096
  ! fetch KO (HTTP 403): https://www.mql5.com/en/articles/20996
  ! fetch KO (HTTP 403): https://www.mql5.com/en/articles/21072
  ! fetch KO (HTTP 403): https://www.mql5.com/en/articles/21003
  ! fetch KO (HTTP 403): https://www.mql5.com/en/articles/21083
  ! fetch KO (HTTP 403): https://www.mql5.com/en/articles/20978
  ! fetch KO (HTTP 403): https://www.mql5.com/en/articles/20478
  ! fetch KO (HTTP 403): https://www.mql5.com/en/articles/18885
  ! fetch KO (HTTP 403): https://www.mql5.com/en/articles/21038
  ! fetch KO (HTTP 403): https://www.mql5.com/en/articles/17249
  ! fetch KO (HTTP 403): https://www.mql5.com/en/articles/20995
  ! fetch KO (HTTP 403): https://www.mql5.com/en/articles/20941
  ! fetch KO (HTTP 403): https://www.mql5.com/en/articles/17526
  ! fetch KO (HTTP 403): https://www.mql5.com/en/articles/17279
  ! fetch KO (HTTP 403): https://www.mql5.com/en/articles/20946
  ! fetch KO (HTTP 403): https://www.mql5.com/en/articles/20973
  ! fetch KO (HTTP 403): https://www.mql5.com/en/articles/20917
  ! fetch KO (HTTP 403): https://www.mql5.com/en/articles/17422
  ! fetch KO (HTTP 403): https://www.mql5.com/en/articles/17167
  ! fetch KO (HTTP 403): https://www.mql5.com/en/articles/20938
  https://www.mql5.com/en/articles/20962 : 1 lu(s), 1 nouveau(x)
  ! fetch KO (HTTP 403): https://www.mql5.com/en/articles/20862
  ! fetch KO (HTTP 403): https://www.mql5.com/en/articles/17410
  ! fetch KO (HTTP 403): https://www.mql5.com/en/articles/17328
  ! fetch KO (HTTP 403): https://www.mql5.com/en/articles/20782
  ! fetch KO (HTTP 403): https://www.mql5.com/en/articles/20815
  ! fetch KO (HTTP 403): https://www.mql5.com/en/articles/20949
  ! fetch KO (HTTP 403): https://www.mql5.com/en/articles/20859
  ! fetch KO (HTTP 403): https://www.mql5.com/en/articles/12673
  ! fetch KO (HTTP 403): https://www.mql5.com/en/articles/17241
  ! fetch KO (HTTP 403): https://www.mql5.com/en/articles/20933
  ! fetch KO (HTTP 403): https://www.mql5.com/en/articles/20945
  ! fetch KO (HTTP 403): https://www.mql5.com/en/articles/17512
  ! fetch KO (HTTP 403): https://www.mql5.com/en/articles/19755
  ! fetch KO (HTTP 403): https://www.mql5.com/en/articles/20851
  ! fetch KO (HTTP 403): https://www.mql5.com/en/articles/20745
  ! fetch KO (HTTP 403): https://www.mql5.com/en/articles/20455
  ! fetch KO (HTTP 403): https://www.mql5.com/en/articles/15732
  ! fetch KO (HTTP 403): https://www.mql5.com/en/articles/17424
  ! fetch KO (HTTP 403): https://www.mql5.com/en/articles/20802
  ! fetch KO (HTTP 403): https://www.mql5.com/en/articles/20811
  ! fetch KO (HTTP 403): https://www.mql5.com/en/articles/17168
  ! fetch KO (HTTP 403): https://www.mql5.com/en/articles/17210
  ! fetch KO (HTTP 403): https://www.mql5.com/en/articles/20728
  ! fetch KO (HTTP 403): https://www.mql5.com/en/articles/16992
  ! fetch KO (HTTP 403): https://www.mql5.com/en/articles/20716
  ! fetch KO (HTTP 403): https://www.mql5.com/en/articles/20589
  ! fetch KO (HTTP 403): https://www.mql5.com/en/articles/20700
  ! fetch KO (HTTP 403): https://www.mql5.com/en/articles/20722
  ! fetch KO (HTTP 403): https://www.mql5.com/en/articles/20510
BACKFILL TERMINÉ : 98 article(s) ajouté(s)
